#"Step","Time (ps)","Potential Energy (kJ/mole)","Total Energy (kJ/mole)","Temperature (K)","Speed (ns/day)"
500,1.0000000000000007,-7229.957744013091,-5864.88678309012,261.4335975647178,0
1000,2.0000000000000013,-7070.596828447833,-5424.822616824437,315.19289856772554,940
1500,2.999999999999891,-6927.452250167065,-5397.482151607355,293.01450143109565,961
2000,3.999999999999781,-6977.9029313137635,-5468.557217308023,289.0645917151519,1.05e+03
2500,4.999999999999671,-6975.18240575962,-5438.246931380044,294.3484857521354,1.1e+03
3000,5.999999999999561,-7071.758249849369,-5416.661417445116,316.9783341672224,1.13e+03
3500,6.999999999999451,-6992.010009211405,-5314.350594591544,321.29944069415916,1.15e+03
4000,7.999999999999341,-7070.304074457823,-5415.936128006183,316.83874048875356,1.16e+03
4500,8.999999999999675,-7090.881844083917,-5421.031885211695,319.80380114898304,1.17e+03
5000,10.000000000000009,-7019.00018787565,-5340.417122733071,321.47633499926064,1.18e+03
5500,11.000000000000343,-6958.046033022854,-5274.695397566718,322.38940332639953,1.18e+03
6000,12.000000000000677,-7089.583918007957,-5332.98414392367,336.4178211729903,1.19e+03
6500,13.00000000000101,-6898.098118078053,-5272.531386178185,311.32283300112226,1.19e+03
7000,14.000000000001345,-6957.874191049084,-5384.763678150145,301.27660211596526,1.2e+03
7500,15.000000000001679,-7007.337732387029,-5381.383367045021,311.3970711969495,1.2e+03
8000,16.00000000000201,-6962.7218804516115,-5305.887726079902,317.311059970556,1.21e+03
8500,17.000000000001457,-7095.001184603045,-5502.564607133831,304.97786214713517,1.21e+03
9000,18.000000000000902,-7005.510916024902,-5492.950661415335,289.68022924509233,1.21e+03
9500,19.000000000000348,-7216.63179597546,-5692.256606636398,291.9429840613223,1.22e+03
10000,19.999999999999794,-7031.386854587235,-5549.258036869565,283.8521072987187,1.22e+03
10500,20.99999999999924,-7097.953084193183,-5580.222821887125,290.6703709668215,1.22e+03
11000,21.999999999998685,-7003.353088959956,-5383.724529648615,310.18557503635753,1.22e+03
11500,22.99999999999813,-6945.558963473581,-5201.431929968856,334.02908568996315,1.23e+03
12000,23.999999999997577,-7135.34231486512,-5389.1022253748815,334.43377075320325,1.23e+03
12500,24.999999999997023,-6879.9538312441255,-5202.384125371062,321.2822599899469,1.23e+03
13000,25.99999999999647,-7045.627642472101,-5489.766017997237,297.97315556718695,1.23e+03
13500,26.999999999995914,-7185.672485129001,-5578.147661646842,307.86751004751886,1.23e+03
14000,27.99999999999536,-7060.273017493995,-5449.258222613564,308.5358971161526,1.23e+03
14500,28.999999999994806,-6975.298678937101,-5378.211022260535,305.8686205066231,1.23e+03
15000,29.99999999999425,-6950.453231327955,-5346.322816222106,307.2174248733221,1.23e+03
15500,30.999999999993697,-6941.276562570142,-5321.103164858874,310.2899205737412,1.23e+03
16000,31.999999999993143,-7010.364900239315,-5414.194336230111,305.69298213895433,1.23e+03
16500,32.999999999994365,-6976.597503666541,-5406.978783250346,300.60786627962733,1.24e+03
17000,33.99999999999559,-7079.002226178324,-5506.509021521864,301.1583774087833,1.24e+03
17500,34.99999999999681,-7072.54648407413,-5557.176404112059,290.21835713108663,1.24e+03
18000,35.99999999999803,-7139.29799644901,-5563.385016484529,301.8133207686759,1.24e+03
18500,36.999999999999254,-7057.980994211648,-5549.234607856434,288.94981058780934,1.24e+03
19000,38.000000000000476,-7114.346631573549,-5593.350562903068,291.29582673523345,1.24e+03
19500,39.0000000000017,-7038.6426771014985,-5473.910754482256,299.6719639234855,1.24e+03
20000,40.00000000000292,-7096.68938585531,-5455.465091243453,314.32151443679135,1.24e+03
20500,41.00000000000414,-7049.353627687216,-5495.717196365993,297.5469943872296,1.24e+03
21000,42.000000000005365,-7032.857271028109,-5410.794740239004,310.6517207079141,1.24e+03
21500,43.00000000000659,-7046.0359569359625,-5359.174136455113,323.0618531542867,1.24e+03
22000,44.00000000000781,-7098.412643405307,-5520.161904231172,302.26104020445285,1.24e+03
22500,45.00000000000903,-6970.706187003408,-5406.325969773468,299.6046065421914,1.24e+03
23000,46.00000000001025,-7061.036535903322,-5443.00532975626,309.87965556676716,1.24e+03
23500,47.000000000011475,-7000.523680988056,-5358.916473843378,314.3948485006412,1.24e+03
24000,48.0000000000127,-7036.177249889556,-5300.721996080616,332.36829688992526,1.24e+03
24500,49.00000000001392,-7045.289061700739,-5425.426454547189,310.230399057337,1.24e+03
25000,50.00000000001514,-6941.3078780175165,-5279.678315917902,318.2294596215514,1.24e+03
25500,51.000000000016364,-7054.635457185473,-5399.917986329216,316.90568017551817,1.24e+03
26000,52.000000000017586,-7141.582316086775,-5618.127461709984,291.7667247407163,1.24e+03
26500,53.00000000001881,-7120.886308815994,-5529.518145732666,304.773243175237,1.24e+03
27000,54.00000000002003,-7064.24553714226,-5420.159594515474,314.8695672171398,1.24e+03
27500,55.00000000002125,-6975.376457383652,-5435.408290573693,294.92929635838124,1.24e+03
28000,56.000000000022474,-7144.949266123084,-5567.440565471492,302.118927591971,1.24e+03
28500,57.0000000000237,-6980.15512184176,-5377.1901810691725,306.99421732108755,1.25e+03
29000,58.00000000002492,-6927.283775492419,-5338.473664291287,304.28333406027974,1.25e+03
29500,59.00000000002614,-6923.6198969057305,-5431.7376566109815,285.72004854564904,1.25e+03
30000,60.00000000002736,-6932.123707234202,-5292.363667865513,314.0410854137347,1.25e+03
30500,61.000000000028585,-6997.818323640207,-5330.168502418313,319.3824385110482,1.25e+03
31000,62.00000000002981,-7046.571941942581,-5355.524300967229,323.8635067986496,1.25e+03
31500,63.00000000003103,-6905.631929118508,-5148.401805096356,336.538543579882,1.25e+03
32000,64.00000000003224,-6915.745496044619,-5262.049142124118,316.71011944520404,1.25e+03
32500,65.00000000002991,-6959.174213076295,-5291.3479811646375,319.4162240669599,1.25e+03
33000,66.00000000002758,-7097.018669120517,-5407.472528383863,323.57594474481925,1.25e+03
33500,67.00000000002525,-7020.275083886864,-5389.945428320127,312.2350114188025,1.25e+03
34000,68.00000000002292,-7126.85332749056,-5507.333248162061,310.16479933092546,1.25e+03
34500,69.00000000002059,-6962.876466357626,-5395.252862041006,300.225768649246,1.25e+03
35000,70.00000000001826,-7011.977608763106,-5384.713322929901,311.6479425701901,1.25e+03
35500,71.00000000001593,-7033.417017577037,-5332.301391621759,325.79169193251977,1.25e+03
36000,72.0000000000136,-6996.923335114288,-5491.052081369493,288.39917528507823,1.25e+03
36500,73.00000000001127,-7056.728277603513,-5428.44431957204,311.8432266094531,1.25e+03
37000,74.00000000000894,-6995.443293447175,-5361.30348075085,312.9647193345005,1.25e+03
37500,75.00000000000661,-6986.725510368379,-5323.516849984846,318.53188298054954,1.25e+03
38000,76.00000000000428,-7141.516521421638,-5454.125937317544,323.16312010687966,1.25e+03
38500,77.00000000000195,-7070.189665878739,-5476.936224094949,305.1343051325881,1.25e+03
39000,77.99999999999962,-7108.227535841518,-5532.736842177591,301.73244597907427,1.25e+03
39500,78.99999999999729,-7069.70509569566,-5513.1003624507875,298.1154731497058,1.25e+03
40000,79.99999999999496,-7141.713138424527,-5572.990044154871,300.4363391046559,1.25e+03
40500,80.99999999999262,-7078.866879132747,-5533.105424595422,296.03880648323866,1.26e+03
41000,81.9999999999903,-7039.350104242521,-5465.046562247107,301.50508685970334,1.26e+03
41500,82.99999999998796,-7095.530944702261,-5425.977929316879,319.74693157497535,1.26e+03
42000,83.99999999998563,-7087.623306888495,-5529.959942606698,298.318218448961,1.26e+03
42500,84.9999999999833,-6985.231296865277,-5405.932697246369,302.4617227577156,1.26e+03
43000,85.99999999998097,-7022.941727451063,-5470.058965881121,297.4026542026577,1.26e+03
43500,86.99999999997864,-7123.351612869119,-5378.380576127614,334.1907262265096,1.26e+03
44000,87.99999999997631,-6958.480789895122,-5349.385318152298,308.168315087732,1.26e+03
44500,88.99999999997398,-6991.706024238501,-5454.0701587925705,294.48262219003567,1.26e+03
45000,89.99999999997165,-6998.952022331063,-5407.13032801874,304.8601018838303,1.26e+03
45500,90.99999999996932,-7017.9675642309085,-5353.235030830056,318.82372979038894,1.26e+03
46000,91.99999999996699,-7092.80617523059,-5510.2000782728355,303.09516303516875,1.26e+03
46500,92.99999999996466,-7059.455477357266,-5495.442482330247,299.53427743523423,1.26e+03
47000,93.99999999996233,-7146.684255072367,-5573.410679292724,301.307831346351,1.26e+03
47500,94.99999999996,-7020.94197678395,-5432.336218711158,304.2441970666398,1.26e+03
48000,95.99999999995767,-7036.56530134692,-5297.40352305968,333.07815744411107,1.26e+03
48500,96.99999999995534,-7060.636122007119,-5448.121312873501,308.8231745792551,1.26e+03
49000,97.999999999953,-7021.058405669284,-5370.653536334091,316.0797458740865,1.26e+03
49500,98.99999999995067,-7075.975483108008,-5451.231024523416,311.1653541028469,1.26e+03
50000,99.99999999994834,-7139.352294413387,-5540.593098644615,306.1887478046577,1.26e+03
50500,100.99999999994601,-7156.367622926523,-5652.90916170565,287.9370857324003,1.26e+03
51000,101.99999999994368,-6921.6889368963675,-5385.879894041128,294.1327555415839,1.26e+03
51500,102.99999999994135,-7013.265387713016,-5372.594243894318,314.2155769390413,1.26e+03
52000,103.99999999993902,-7022.0611790313515,-5364.385649423533,317.4721972016409,1.26e+03
52500,104.99999999993669,-7116.044105543072,-5496.545228047978,310.16073883023296,1.26e+03
53000,105.99999999993436,-7029.090489514715,-5421.3867639389155,307.9017727483535,1.26e+03
53500,106.99999999993203,-7037.13403374216,-5440.833373413435,305.7178977292906,1.26e+03
54000,107.9999999999297,-7190.955258298356,-5502.094026263574,323.4447734350049,1.26e+03
54500,108.99999999992737,-7100.754016521991,-5457.853531728217,314.6425324951967,1.26e+03
55000,109.99999999992504,-7047.323513893976,-5463.644572971151,303.30063034451973,1.26e+03
55500,110.99999999992271,-6957.979415806169,-5306.567097766841,316.2726889126709,1.26e+03
56000,111.99999999992038,-7057.054232786857,-5443.439829721094,309.0337649483789,1.26e+03
56500,112.99999999991805,-7066.375575704916,-5448.630468432215,309.824862914865,1.26e+03
57000,113.99999999991572,-7032.314110787648,-5378.233763023663,316.7836605978754,1.26e+03
57500,114.99999999991338,-6955.675076756491,-5421.3119719473125,293.8558345638041,1.26e+03
58000,115.99999999991105,-7082.167607059951,-5441.388255138206,314.2363005750097,1.26e+03
58500,116.99999999990872,-7094.305045704613,-5446.597142840048,315.5632323248927,1.26e+03
59000,117.9999999999064,-7076.885481017591,-5494.2428093854305,303.10216768839456,1.26e+03
59500,118.99999999990406,-7082.492898898526,-5575.690955186898,288.5774177598005,1.26e+03
60000,119.99999999990173,-7069.792118807735,-5390.6934787762775,321.5750760917548,1.26e+03
60500,120.9999999998994,-7031.218004944262,-5259.202736800463,339.3701424702587,1.26e+03
61000,121.99999999989707,-6962.168894086774,-5352.106211731632,308.3535518682508,1.26e+03
61500,122.99999999989474,-7032.919586732698,-5401.064716245051,312.5271152253057,1.26e+03
62000,123.99999999989241,-7063.222646977486,-5486.15840804523,302.0338058440235,1.26e+03
62500,124.99999999989008,-7128.619332120537,-5522.087487771274,307.6773381704142,1.26e+03
63000,125.99999999988775,-7189.03874825398,-5582.927538352657,307.5967797378252,1.26e+03
63500,126.99999999988542,-7242.977858974768,-5608.1432923195425,313.0977761733735,1.26e+03
64000,127.99999999988309,-7087.136900955965,-5514.549188846273,301.17647714440307,1.26e+03
64500,128.99999999988785,-7097.86594593984,-5519.400454372293,302.30216882882667,1.26e+03
65000,129.99999999989262,-7097.443499544958,-5535.980315791485,299.04594653271204,1.26e+03
65500,130.9999999998974,-7070.745062797228,-5659.9641896463045,270.1877994635269,1.26e+03
66000,131.99999999990217,-7155.583771360583,-5529.985938157633,311.32878941348946,1.26e+03
66500,132.99999999990695,-7121.435876482421,-5488.63043346501,312.70916553867136,1.26e+03
67000,133.99999999991172,-7005.384342681354,-5419.931246526476,303.64041032536437,1.26e+03
67500,134.9999999999165,-6996.598655106328,-5326.502061414931,319.8510357835973,1.26e+03
68000,135.99999999992127,-6992.900052319798,-5367.466316771279,311.2973620068728,1.26e+03
68500,136.99999999992605,-6945.548833480303,-5154.90222225208,342.9383518816801,1.26e+03
69000,137.99999999993082,-7000.657244564167,-5424.46357055235,301.867078307083,1.26e+03
69500,138.9999999999356,-7174.318537848246,-5482.879810766385,323.9384062366341,1.26e+03
70000,139.99999999994037,-7122.764561783203,-5545.490092376251,302.0740684464018,1.26e+03
70500,140.99999999994515,-6966.564449418561,-5445.699977746999,291.2706237400479,1.26e+03
71000,141.99999999994992,-6983.783325761904,-5310.856904213911,320.392994478945,1.26e+03
71500,142.9999999999547,-7025.721194036547,-5253.223271354536,339.46257877277907,1.26e+03
72000,143.99999999995947,-6945.913096609497,-5304.23722021395,314.40799979446456,1.26e+03
72500,144.99999999996425,-7119.535722662792,-5405.89213576503,328.1910030255705,1.26e+03
73000,145.99999999996902,-7146.643135972147,-5668.306271319183,283.1258857616111,1.26e+03
73500,146.9999999999738,-7138.876929118665,-5461.219179270203,321.299121862986,1.26e+03
74000,147.99999999997857,-7171.977873443014,-5494.555485730285,321.25404613312514,1.26e+03
74500,148.99999999998334,-7003.436841406151,-5409.586177432489,305.24868302949835,1.26e+03
75000,149.99999999998812,-6967.058629860019,-5328.084716428322,313.8905293344318,1.26e+03
75500,150.9999999999929,-6987.969322099727,-5520.604059535643,281.0246430517047,1.26e+03
76000,151.99999999999767,-7059.311311707931,-5452.265389337378,307.7757925880834,1.27e+03
76500,153.00000000000244,-6998.607839662009,-5409.088028587288,304.41925328825755,1.27e+03
77000,154.00000000000722,-7022.232144598504,-5464.948954883456,298.24540875075996,1.27e+03
77500,155.000000000012,-7007.640779948535,-5437.472248744831,300.7131641112223,1.27e+03
78000,156.00000000001677,-7051.247266208336,-5465.379750137759,303.7197785725583,1.27e+03
78500,157.00000000002154,-7174.642302927014,-5450.010697925505,330.29538967300635,1.27e+03
79000,158.00000000002632,-7021.1899918080735,-5250.326367030723,339.1495837762266,1.26e+03
79500,159.0000000000311,-7081.423353811541,-5380.284546474299,325.79613154940193,1.26e+03
80000,160.00000000003587,-7080.982405264374,-5345.793316090346,332.317321973572,1.26e+03
80500,161.00000000004064,-7037.604147456914,-5490.540375962172,296.288221654386,1.26e+03
81000,162.00000000004542,-6953.437531743456,-5326.921526788195,311.5046344437191,1.26e+03
81500,163.0000000000502,-7019.824002800154,-5430.938974019669,304.2976820120358,1.26e+03
82000,164.00000000005497,-7014.354871856992,-5514.3469415568115,287.2762521655541,1.26e+03
82500,165.00000000005974,-6966.136459298714,-5368.033241408505,306.06311722454495,1.26e+03
83000,166.00000000006452,-6984.504584956927,-5423.057742511164,299.04281690283506,1.26e+03
83500,167.0000000000693,-7037.017419683804,-5498.176377437975,294.71343341928184,1.26e+03
84000,168.00000000007407,-7080.88743064423,-5477.277971127456,307.1176532880183,1.26e+03
84500,169.00000000007884,-7042.441985585911,-5479.028110745609,299.419536040632,1.26e+03
85000,170.00000000008362,-7019.145767019785,-5436.095528775841,303.180223414885,1.26e+03
85500,171.0000000000884,-7074.550128990645,-5351.96740535067,329.9029951084287,1.26e+03
86000,172.00000000009317,-7082.885266310688,-5391.795887367106,323.8715003077797,1.26e+03
86500,173.00000000009794,-6961.137981154164,-5305.737502248347,317.0364874790751,1.26e+03
87000,174.00000000010272,-7071.658797596185,-5438.231430181731,312.82827431556774,1.26e+03
87500,175.0000000001075,-6866.73564363293,-5297.048673596097,300.6209372073423,1.26e+03
88000,176.00000000011227,-6935.367405655339,-5252.32367840392,322.33062534461095,1.26e+03
88500,177.00000000011704,-6888.720661652479,-5317.814957915205,300.85434480658114,1.26e+03
89000,178.00000000012182,-6920.948738580348,-5339.741320789479,302.8272929119993,1.26e+03
89500,179.0000000001266,-7068.689997623076,-5415.0520254651,316.69893837502815,1.26e+03
90000,180.00000000013137,-7046.761576057608,-5412.176773634916,313.0499422045006,1.26e+03
90500,181.00000000013614,-7155.517473028546,-5484.403296420512,320.0459196909782,1.26e+03
91000,182.00000000014091,-7014.193670181649,-5474.476354108391,294.8812543060449,1.26e+03
91500,183.0000000001457,-6978.359359973505,-5407.810404844486,300.7860215657005,1.26e+03
92000,184.00000000015046,-7012.8146474422865,-5513.6459391797525,287.1155273074785,1.26e+03
92500,185.00000000015524,-7123.870740935663,-5527.242603341756,305.7806150253199,1.26e+03
93000,186.00000000016001,-7136.776700560759,-5481.882659390249,316.9394963021519,1.26e+03
93500,187.0000000001648,-6947.695450440502,-5414.40372783976,293.6506472049515,1.26e+03
94000,188.00000000016956,-7089.99142992353,-5503.4874498455965,303.841671924572,1.26e+03
94500,189.00000000017434,-6896.497734806111,-5282.684063212927,309.07192815710323,1.26e+03
95000,190.0000000001791,-7079.469679919223,-5366.363045296696,328.0881678110991,1.26e+03
95500,191.0000000001839,-7106.474769754054,-5485.832032453916,310.37980684391334,1.26e+03
96000,192.00000000018866,-7142.268476595372,-5467.265902229358,320.79061197711684,1.26e+03
96500,193.00000000019344,-7080.112157107495,-5380.6115220240135,325.4823945511129,1.26e+03
97000,194.0000000001982,-7083.334489530972,-5448.216976355833,313.15196509741986,1.26e+03
97500,195.000000000203,-7016.410528885389,-5310.257238333664,326.75648776839563,1.26e+03
98000,196.00000000020776,-7144.764222280901,-5409.863861125976,332.26202579710014,1.26e+03
98500,197.00000000021254,-7041.722813209897,-5479.030221543261,299.2813984196934,1.26e+03
99000,198.0000000002173,-7209.3603066887845,-5486.77225867729,329.9040148133678,1.26e+03
99500,199.0000000002221,-7118.620052229632,-5534.962486055878,303.2965367276261,1.26e+03
100000,200.00000000022686,-7087.589319702169,-5536.68747893816,297.02327520507373,1.26e+03
100500,201.00000000023164,-7024.495462921346,-5391.241371339667,312.79508913645986,1.26e+03
101000,202.0000000002364,-7108.157414635892,-5463.976412212799,314.8877727355661,1.26e+03
101500,203.0000000002412,-7094.670142004117,-5457.3495273030985,313.573895366394,1.26e+03
102000,204.00000000024596,-7171.444640077747,-5632.862308548362,294.6638860512221,1.26e+03
102500,205.00000000025074,-7120.165193180274,-5528.745628676786,304.78308739475176,1.26e+03
103000,206.0000000002555,-7156.45460561502,-5487.656118453254,319.60242697879636,1.26e+03
103500,207.0000000002603,-7088.506212470886,-5483.548959651511,307.37577792912447,1.26e+03
104000,208.00000000026506,-7028.030249934587,-5373.17207494879,316.9326273363846,1.26e+03
104500,209.00000000026984,-7107.6015127051005,-5508.9377289284585,306.1704748349237,1.26e+03
105000,210.0000000002746,-7005.889949986727,-5403.63062969959,306.85907936320297,1.26e+03
105500,211.00000000027939,-7008.334947084457,-5334.906533747028,320.4891341839251,1.26e+03
106000,212.00000000028416,-7100.601248639161,-5454.192977201916,315.3143314770402,1.26e+03
106500,213.00000000028894,-6952.299689611341,-5240.855945111997,327.76969693324463,1.26e+03
107000,214.0000000002937,-6962.65186956254,-5353.190523155325,308.2383861188416,1.26e+03
107500,215.00000000029848,-7016.478236138079,-5456.125388456059,298.8332988667844,1.26e+03
108000,216.00000000030326,-7037.173176395758,-5345.503003220572,323.9827319798023,1.26e+03
108500,217.00000000030803,-7054.67965268984,-5386.280295458093,319.52598701597555,1.26e+03
109000,218.0000000003128,-7115.987771040019,-5521.49862986411,305.3709619415291,1.26e+03
109500,219.00000000031758,-7085.345412177898,-5458.5747311396135,311.5534091129519,1.26e+03
110000,220.00000000032236,-7018.0933678608435,-5396.970794498985,310.4717033617121,1.26e+03
110500,221.00000000032713,-6992.940015493203,-5300.463936056562,324.13707631739607,1.26e+03
111000,222.0000000003319,-7004.627988045528,-5382.578669317888,310.6491903802908,1.26e+03
111500,223.00000000033668,-7079.04249868819,-5497.7623434171455,302.84122333881544,1.26e+03
112000,224.00000000034146,-7102.4742935529575,-5505.343481288736,305.8768855132483,1.26e+03
112500,225.00000000034623,-7051.099311223338,-5365.547054050139,322.81105018758495,1.26e+03
113000,226.000000000351,-7047.466146519662,-5374.390685555161,320.4215379847056,1.26e+03
113500,227.00000000035578,-7051.386177912526,-5357.879439405124,324.3344645239034,1.26e+03
114000,228.00000000036056,-7059.896619135437,-5388.420089150941,320.1153163373871,1.26e+03
114500,229.00000000036533,-6990.681133063865,-5276.113837443378,328.3679084769329,1.26e+03
115000,230.0000000003701,-7002.439940892884,-5398.538584328553,307.173556385693,1.26e+03
115500,231.00000000037488,-7075.273383599527,-5314.703032742559,337.1782520954873,1.26e+03
116000,232.00000000037966,-6984.890811471328,-5361.796715776924,310.8492823966714,1.26e+03
116500,233.00000000038443,-7088.024628572029,-5463.251929430212,311.1707626352117,1.26e+03
117000,234.0000000003892,-7022.067085321364,-5473.972741735928,296.4855932027763,1.26e+03
117500,235.00000000039398,-7026.689412691398,-5494.018990305432,293.53165796925117,1.26e+03
118000,236.00000000039876,-7075.98293007114,-5541.418542179848,293.89438359296975,1.26e+03
118500,237.00000000040353,-7113.710440623811,-5533.51900531669,302.632715513906,1.26e+03
119000,238.0000000004083,-7081.679915818862,-5480.439339018598,306.6639731874854,1.26e+03
119500,239.00000000041308,-7020.557229827764,-5430.061143239649,304.6062261468028,1.26e+03
120000,240.00000000041786,-6983.688225402903,-5505.411342934773,283.11439818417404,1.26e+03
120500,241.00000000042263,-7119.322357611446,-5593.170721071915,292.28320299191074,1.26e+03
121000,242.0000000004274,-7080.73314680163,-5488.012913916028,305.0321868365453,1.26e+03
121500,243.00000000043218,-7010.111422946799,-5360.176353288904,315.98977148939406,1.26e+03
122000,244.00000000043696,-7033.21234916064,-5315.598977618768,328.95128224238505,1.26e+03
122500,245.00000000044173,-7020.509035270985,-5258.842025474716,337.38828036508676,1.26e+03
123000,246.0000000004465,-6994.313202179195,-5427.620062889462,300.04756925423226,1.26e+03
123500,247.00000000045128,-6993.996389992485,-5350.275273595593,314.7996969785241,1.26e+03
124000,248.00000000045605,-7082.882114560149,-5377.822710870952,326.5469903972069,1.26e+03
124500,249.00000000046083,-7006.056129691857,-5305.110060586225,325.7592190000029,1.26e+03
125000,250.0000000004656,-6996.149935336636,-5475.940198381301,291.14523124602107,1.26e+03
125500,251.00000000047038,-7073.0657772889135,-5466.1135332557005,307.7578516418281,1.26e+03
126000,252.00000000047515,-7155.128391526028,-5459.3645391256105,324.7667390517899,1.26e+03
126500,253.00000000047993,-7112.634374828076,-5524.641540504774,304.12681206216104,1.26e+03
127000,254.0000000004847,-7088.765935512592,-5439.926836769185,315.77987498789093,1.26e+03
127500,255.00000000048948,-7055.487641716783,-5474.731610515459,302.7408449372233,1.26e+03
128000,256.00000000049425,-6960.077955857289,-5348.383628573015,308.66603877624493,1.26e+03
128500,257.000000000499,-7080.374097287258,-5419.806542479648,318.0260677137778,1.26e+03
129000,258.0000000005038,-6891.193599124737,-5251.720424380579,313.98614610804884,1.26e+03
129500,259.0000000005086,-7047.476780470177,-5460.246715132467,303.980729224182,1.26e+03
130000,260.00000000051335,-6905.341289407177,-5377.479261908467,292.6107710630958,1.26e+03
130500,261.0000000005181,-7064.796999946041,-5434.087017319713,312.3078503218972,1.26e+03
131000,262.0000000005229,-7023.729177196164,-5432.359101199991,304.7736095295887,1.26e+03
131500,263.0000000005277,-6890.107640367577,-5330.177340356158,298.7523740205088,1.26e+03
132000,264.00000000053245,-7011.482591704799,-5443.309970262278,300.3309144815565,1.26e+03
132500,265.0000000005372,-7044.913816639392,-5377.701285274452,319.2986902930034,1.26e+03
133000,266.000000000542,-7004.334871201368,-5386.327703810261,309.87505174862844,1.26e+03
133500,267.0000000005468,-6854.075499079009,-5423.929148876765,273.8966076346866,1.26e+03
134000,268.00000000055155,-7008.6291917531225,-5429.832509201787,302.3655973632044,1.26e+03
134500,269.0000000005563,-7049.3018453889945,-5465.287585828988,303.3648493925827,1.26e+03
135000,270.0000000005611,-7144.365416681568,-5394.51003090189,335.1261596049679,1.26e+03
135500,271.0000000005659,-6975.9780859634375,-5334.15708004289,314.4357944915315,1.26e+03
136000,272.00000000057065,-7058.284961517511,-5545.715606460761,289.6819721307845,1.26e+03
136500,273.0000000005754,-7075.473611142881,-5394.773882149745,321.88171102814647,1.26e+03
137000,274.0000000005802,-7084.930667802234,-5437.024920662711,315.6011227657857,1.26e+03
137500,275.000000000585,-7012.5842233266685,-5410.11131583288,306.89998483509953,1.26e+03
138000,276.00000000058975,-7168.1088874011075,-5635.623972317315,293.49613026206987,1.26e+03
138500,277.0000000005945,-7167.302063932846,-5477.545952680692,323.6161575607249,1.26e+03
139000,278.0000000005993,-7049.286299147441,-5484.999976347444,299.5866242106396,1.26e+03
139500,279.0000000006041,-7003.587773256166,-5368.212815050041,313.2012700658445,1.26e+03
140000,280.00000000060885,-7071.209795314457,-5578.328260350171,285.91142995215677,1.26e+03
140500,281.0000000006136,-7090.191072766006,-5515.535651805262,301.57247748366865,1.26e+03
141000,282.0000000006184,-7074.7518885004065,-5405.643306687652,319.6618152175871,1.26e+03
141500,283.0000000006232,-7106.12684733893,-5419.3138057432825,323.0525111934593,1.26e+03
142000,284.00000000062795,-6969.688585104467,-5515.166717700362,278.56492110483356,1.26e+03
142500,285.0000000006327,-7057.291012238775,-5547.282168528356,289.19159198789123,1.26e+03
143000,286.0000000006375,-7062.38382968127,-5537.535352376783,292.03362651070955,1.26e+03
143500,287.0000000006423,-6990.075343776101,-5521.731573824109,281.2120433510206,1.26e+03
144000,288.00000000064705,-7132.176091537314,-5529.987999074175,306.84543806043746,1.26e+03
144500,289.0000000006518,-7038.194612902671,-5548.206635412828,285.35726598415874,1.26e+03
145000,290.0000000006566,-7064.158066452833,-5461.992744747252,306.8410770848998,1.26e+03
145500,291.0000000006614,-7055.821197634497,-5516.723660862387,294.76255635038285,1.26e+03
146000,292.00000000066615,-6928.376455081747,-5386.191186977689,295.35390781381057,1.26e+03
146500,293.0000000006709,-7020.0464823805305,-5426.245863931943,305.23909848624993,1.26e+03
147000,294.0000000006757,-7036.993598567889,-5430.216331972202,307.7243405773525,1.26e+03
147500,295.0000000006805,-7033.640561876786,-5511.383401574589,291.537346576748,1.26e+03
148000,296.00000000068525,-7125.226808188943,-5503.024260825929,310.67853619054006,1.26e+03
148500,297.00000000069,-7163.497182394304,-5558.366781758643,307.4089385909641,1.26e+03
149000,298.0000000006948,-7078.659675055321,-5529.532993816958,296.6833028854464,1.26e+03
149500,299.0000000006996,-7073.499352148955,-5528.035019191185,295.98190280153943,1.26e+03
150000,300.00000000070435,-7032.757862520499,-5329.545828098959,326.1931887213236,1.26e+03
150500,301.0000000007091,-7069.5347272392355,-5483.851712704785,303.6844434861586,1.26e+03
151000,302.0000000007139,-7109.358632699387,-5631.363082847059,283.0605183493764,1.26e+03
151500,303.00000000071867,-7124.5985745075905,-5495.320426587825,312.0336303661802,1.26e+03
152000,304.00000000072345,-7091.289048859487,-5441.439116563252,315.97346628081254,1.26e+03
152500,305.0000000007282,-7149.939046964823,-5451.474870924182,325.28389555431716,1.26e+03
153000,306.000000000733,-7109.972314277751,-5427.5222486048115,322.2169293634929,1.26e+03
153500,307.00000000073777,-7048.15388105881,-5460.818735136683,304.00085388876346,1.26e+03
154000,308.00000000074255,-7032.0595690823275,-5331.454051488714,325.69399777012427,1.26e+03
154500,309.0000000007473,-7187.273900118369,-5573.460455534386,309.071884681098,1.26e+03
155000,310.0000000007521,-7054.643885878249,-5561.363697756066,285.9877786052548,1.26e+03
155500,311.00000000075687,-7040.065413290171,-5418.884325152826,310.4829099060632,1.26e+03
156000,312.00000000076164,-7080.152411340332,-5394.474833148005,322.8350512291563,1.26e+03
156500,313.0000000007664,-6983.696714984526,-5425.988171370776,298.3268710359883,1.26e+03
157000,314.0000000007712,-7075.104632285111,-5419.732149543122,317.03112575207535,1.26e+03
157500,315.00000000077597,-7059.164096802296,-5377.581817497026,322.0507339652228,1.26e+03
158000,316.00000000078074,-7067.228246504999,-5413.90821020418,316.6380484159632,1.26e+03
158500,317.0000000007855,-7078.47840968652,-5448.179399430011,312.2291423365856,1.26e+03
159000,318.0000000007903,-7078.042891009843,-5404.376535385023,320.5347040553723,1.26e+03
159500,319.00000000079507,-6990.31956468748,-5294.823149750843,324.71552036772044,1.26e+03
160000,320.00000000079984,-6974.3181597853045,-5241.022015484645,331.95479181770236,1.26e+03
160500,321.0000000008046,-7036.0453466968975,-5433.084926509935,306.9933515544009,1.26e+03
161000,322.0000000008094,-7048.044052071578,-5429.33943441909,310.0086249738858,1.26e+03
161500,323.00000000081417,-7017.130610441126,-5358.523885467701,317.650536468562,1.26e+03
162000,324.00000000081894,-6970.317061879959,-5287.45338652849,322.29614243690884,1.26e+03
162500,325.0000000008237,-7036.076692478829,-5312.6109446280525,330.07210880491397,1.26e+03
163000,326.0000000008285,-7126.938030899133,-5540.493190739411,303.8303456550811,1.26e+03
163500,327.00000000083327,-6966.446788543904,-5380.546181566311,303.72611602688517,1.26e+03
164000,328.00000000083804,-7003.496443085137,-5508.646352857672,286.28844074440883,1.26e+03
164500,329.0000000008428,-7013.538539134309,-5488.485726514849,292.07276009279565,1.26e+03
165000,330.0000000008476,-7076.951754991843,-5460.371152003123,309.60184114306287,1.26e+03
165500,331.00000000085237,-7063.24139586155,-5318.965513095821,334.0575927778093,1.26e+03
166000,332.00000000085714,-7073.333784985363,-5462.948314587431,308.41537110087194,1.26e+03
166500,333.0000000008619,-6987.859955242423,-5422.030239439471,299.88220941959145,1.26e+03
167000,334.0000000008667,-7058.9429441841,-5371.290835218381,323.21320643014394,1.26e+03
167500,335.00000000087147,-7014.603130003608,-5477.215421675173,294.43509601019196,1.26e+03
168000,336.00000000087624,-7034.313584446534,-5351.206476074658,322.34276387426485,1.26e+03
168500,337.000000000881,-7099.117032403386,-5493.186837415676,307.56211239712763,1.26e+03
169000,338.0000000008858,-7046.433580664781,-5469.989519648069,301.915031547132,1.26e+03
169500,339.00000000089057,-7138.874443863124,-5530.705983336984,307.99077715432185,1.26e+03
170000,340.00000000089534,-7159.966916225201,-5640.972897600914,290.91240113974135,1.26e+03
170500,341.0000000009001,-7094.651693718301,-5547.568948484436,296.29185543828476,1.26e+03
171000,342.0000000009049,-6997.379334229136,-5399.179112110718,306.0816951337419,1.26e+03
171500,343.00000000090967,-6994.9442927161945,-5459.035904338272,294.1517818472782,1.26e+03
172000,344.00000000091444,-7124.713131160304,-5575.911339562043,296.62108116228706,1.26e+03
172500,345.0000000009192,-7205.561697186199,-5686.120479237987,290.99804718410763,1.26e+03
173000,346.000000000924,-7021.9246620202985,-5520.875491988666,287.4756667430475,1.26e+03
173500,347.00000000092876,-7042.072863297886,-5565.38927410101,282.80925625104095,1.26e+03
174000,348.00000000093354,-7015.134307871641,-5444.721605593686,300.759926898059,1.26e+03
174500,349.0000000009383,-7122.821929222332,-5539.186239677954,303.29234699237844,1.26e+03
175000,350.0000000009431,-7107.108294919946,-5570.938876333241,294.2017734363668,1.26e+03
175500,351.00000000094786,-7052.7173057502305,-5466.338278697647,303.8177413598767,1.26e+03
176000,352.00000000095264,-7114.467435838351,-5517.029690822763,305.93566819612505,1.26e+03
176500,353.0000000009574,-7034.742625916506,-5509.639904157178,292.0823185160283,1.26e+03
177000,354.0000000009622,-6962.487725247666,-5311.797559154826,316.1343849074117,1.26e+03
177500,355.00000000096696,-6984.468290808256,-5306.084317981456,321.4382055379714,1.26e+03
178000,356.00000000097174,-7071.3214164799565,-5381.4253865697465,323.64295429085035,1.26e+03
178500,357.0000000009765,-7034.882830149221,-5322.471700805177,327.95496708213767,1.26e+03
179000,358.0000000009813,-6983.302526064854,-5342.820580886941,314.1793422796495,1.26e+03
179500,359.00000000098606,-7007.931117367113,-5372.39682768728,313.23178467026383,1.26e+03
180000,360.00000000099084,-7127.0833889492915,-5519.289873882215,307.91896891646485,1.26e+03
180500,361.0000000009956,-6936.640585691709,-5308.178112674578,311.8774151727263,1.26e+03
181000,362.0000000010004,-7124.123906312486,-5453.99189515229,319.85781881286806,1.26e+03
181500,363.00000000100516,-7048.875232138651,-5506.076269699459,295.4714403981463,1.26e+03
182000,364.00000000100994,-7088.927114380606,-5397.801613829712,323.8784181911863,1.26e+03
182500,365.0000000010147,-7099.80228282845,-5464.763870426176,313.13681599512967,1.26e+03
183000,366.0000000010195,-7062.320227279648,-5404.914423042307,317.4205403457141,1.26e+03
183500,367.00000000102426,-6988.101685396236,-5437.96681545013,296.8763876469236,1.26e+03
184000,368.00000000102904,-7119.980888518283,-5517.551730090299,306.89160616762297,1.26e+03
184500,369.0000000010338,-7049.681680860191,-5494.59036240307,297.8256292632737,1.26e+03
185000,370.0000000010386,-7018.1808533907315,-5485.690441596895,293.4971829726781,1.26e+03
185500,371.00000000104336,-7019.873027944492,-5476.312402851952,295.617311355258,1.26e+03
186000,372.00000000104814,-6945.583611073588,-5389.889963821641,297.94098515923514,1.26e+03
186500,373.0000000010529,-7061.090298756177,-5305.85754790736,336.1560136826587,1.26e+03
187000,374.0000000010577,-6899.783076465787,-5173.9111152305195,330.53293834390774,1.26e+03
187500,375.00000000106246,-7070.887081379624,-5346.7464477231,330.2013605648538,1.26e+03
188000,376.00000000106724,-6989.886512179996,-5438.413279813855,297.13270611851334,1.26e+03
188500,377.000000001072,-6931.143564103123,-5216.901158403462,328.3056867000102,1.26e+03
189000,378.0000000010768,-6970.465478708342,-5292.285491945546,321.3991388432044,1.26e+03
189500,379.00000000108156,-6924.897461206236,-5179.82759023132,334.20965461187785,1.26e+03
190000,380.00000000108633,-7032.3498353419045,-5391.571108127916,314.2361809331736,1.26e+03
190500,381.0000000010911,-7080.695130179848,-5453.187084443085,311.69462661105933,1.26e+03
191000,382.0000000010959,-7001.888390963567,-5421.493884195586,302.67160704709005,1.26e+03
191500,383.00000000110066,-7019.202568711183,-5334.233391626352,322.69938073630055,1.26e+03
192000,384.00000000110543,-7075.164994384784,-5519.003279114888,298.0306279026091,1.26e+03
192500,385.0000000011102,-7044.269926807948,-5372.396538507823,320.19132124859567,1.26e+03
193000,386.000000001115,-6996.583136599893,-5229.173762567653,338.4880378016685,1.26e+03
193500,387.00000000111976,-6997.52537718175,-5339.158198760939,317.60465935387214,1.26e+03
194000,388.00000000112453,-7091.02687077904,-5416.3190703267455,320.7341579121357,1.26e+03
194500,389.0000000011293,-6955.741255113608,-5284.100082808126,320.14684805663006,1.26e+03
195000,390.0000000011341,-7076.623149024301,-5321.838669880106,336.0701622597067,1.26e+03
195500,391.00000000113886,-7108.4998240955465,-5431.343532546123,321.20308433021347,1.26e+03
196000,392.00000000114363,-7013.44686676074,-5357.024513407678,317.2321932853302,1.26e+03
196500,393.0000000011484,-7040.876810498773,-5465.616220108062,301.6883774080986,1.26e+03
197000,394.0000000011532,-7102.556101802713,-5564.891105986793,294.4882011362169,1.26e+03
197500,395.00000000115796,-7019.858694395777,-5352.400222936478,319.3457918763602,1.26e+03
198000,396.00000000116273,-7083.352316019662,-5475.4763928329785,307.9347514301906,1.26e+03
198500,397.0000000011675,-7048.288517028472,-5448.60739777819,306.36531135289067,1.26e+03
199000,398.0000000011723,-7152.950160028575,-5579.474936650417,301.3464501864182,1.26e+03
199500,399.00000000117706,-7080.715454924364,-5445.713308371427,313.12987048699705,1.26e+03
200000,400.00000000118183,-7107.065739339668,-5523.248286150744,303.3271577273955,1.26e+03
200500,401.0000000011866,-6942.63863758251,-5382.077249835733,298.8732377277861,1.26e+03
201000,402.0000000011914,-7001.904864921901,-5372.354830849844,312.08570104745354,1.26e+03
201500,403.00000000119616,-6989.037424882149,-5422.296748813404,300.0566733312434,1.26e+03
202000,404.00000000120093,-7088.480741946319,-5479.848951776137,308.0795124209619,1.26e+03
202500,405.0000000012057,-7037.852944521408,-5393.914277833005,314.841361446518,1.26e+03
203000,406.0000000012105,-7105.66424665402,-5390.59291186558,328.464440288658,1.26e+03
203500,407.00000000121526,-7108.971173100339,-5450.245956289769,317.6732296091777,1.26e+03
204000,408.00000000122003,-7002.206639477645,-5313.4063047103255,323.4331106041555,1.26e+03
204500,409.0000000012248,-6971.526294789917,-5411.155260396879,298.83678192182356,1.26e+03
205000,410.0000000012296,-7024.059630648502,-5346.530578330345,321.2744741638491,1.26e+03
205500,411.00000000123435,-6897.215448892028,-5198.791433673335,325.2762040947055,1.26e+03
206000,412.00000000123913,-6926.120074649139,-5241.716375801823,322.5910823296901,1.26e+03
206500,413.0000000012439,-7068.625064502654,-5411.894972584972,317.291130294732,1.26e+03
207000,414.0000000012487,-6902.748067170228,-5346.198190860048,298.10496714218027,1.26e+03
207500,415.00000000125345,-6964.3532093263675,-5421.800492953229,295.4242802161651,1.26e+03
208000,416.00000000125823,-6975.731524736613,-5425.946804664985,296.8093281723672,1.26e+03
208500,417.000000001263,-7047.96497384421,-5427.380781351268,310.3685945479948,1.26e+03
209000,418.0000000012678,-7117.151094498813,-5416.0205910307195,325.79454122153794,1.26e+03
209500,419.00000000127255,-7084.972341474102,-5572.255844131274,289.710152304786,1.26e+03
210000,420.00000000127733,-7046.976390243098,-5439.685866753596,307.82263773557077,1.26e+03
210500,421.0000000012821,-7033.185209393928,-5347.158578864297,322.9019005072466,1.26e+03
211000,422.0000000012869,-7022.976778096407,-5444.092780343274,302.382319664082,1.26e+03
211500,423.00000000129165,-6971.011585059706,-5375.415797757332,305.5829029221483,1.26e+03
212000,424.0000000012964,-7083.011688678973,-5474.025595090371,308.14736736767077,1.26e+03
212500,425.0000000013012,-7166.641453535296,-5591.974827846971,301.5746233737544,1.26e+03
213000,426.000000001306,-7076.102963864223,-5498.765331751996,302.08616514594684,1.26e+03
213500,427.00000000131075,-7040.816967767256,-5473.273456047979,300.21042959621417,1.26e+03
214000,428.0000000013155,-7160.832428295018,-5535.711952977386,311.2373675073344,1.26e+03
214500,429.0000000013203,-6974.355053944802,-5380.3674102521945,305.2749169043244,1.26e+03
215000,430.0000000013251,-7129.173522722855,-5509.709796834883,310.15400671785704,1.26e+03
215500,431.00000000132985,-7132.624570474952,-5444.868479143004,323.23312076783384,1.26e+03
216000,432.0000000013346,-7003.301891220322,-5421.815741577985,302.880674657543,1.26e+03
216500,433.0000000013394,-7064.107088191855,-5473.575736148906,304.6129800628928,1.26e+03
217000,434.0000000013442,-6972.19828096779,-5404.434094845283,300.2526923831158,1.26e+03
217500,435.00000000134895,-6994.579080464844,-5282.207917484324,327.9473128645205,1.26e+03
218000,436.0000000013537,-7154.779100089231,-5609.096722297331,296.0236619825994,1.26e+03
218500,437.0000000013585,-7080.852917213733,-5511.308037182227,300.5937246284112,1.26e+03
219000,438.0000000013633,-7075.830551265497,-5471.0117437763965,307.3492633655627,1.26e+03
219500,439.00000000136805,-7085.130568982455,-5505.040883652391,302.61322871555205,1.26e+03
220000,440.0000000013728,-7075.425319833373,-5525.568349808834,296.8231652296736,1.26e+03
220500,441.0000000013776,-7055.948152194865,-5435.745230863941,310.29557483371786,1.26e+03
221000,442.0000000013824,-7093.828901557796,-5389.158110559938,326.4725646590111,1.26e+03
221500,443.00000000138715,-7001.829089331983,-5439.862404484583,299.142375294389,1.26e+03
222000,444.0000000013919,-7063.633013978816,-5514.452257885991,296.693659111712,1.26e+03
222500,445.0000000013967,-7088.9921136473495,-5372.8410262216075,328.6712307226581,1.26e+03
223000,446.0000000014015,-7007.274872543412,-5315.512811602684,324.00033000203365,1.26e+03
223500,447.00000000140625,-7091.150917875765,-5448.921545630188,314.514003376295,1.26e+03
224000,448.000000001411,-6982.636525742587,-5289.45479085558,324.2722209716386,1.26e+03
224500,449.0000000014158,-6977.936355348011,-5280.155669262203,325.1529959579543,1.26e+03
225000,450.0000000014206,-6928.1221515745765,-5249.301567409037,321.5218238085901,1.26e+03
225500,451.00000000142535,-7052.688883133233,-5397.420006394643,317.0112834940734,1.26e+03
226000,452.0000000014301,-7127.166087323695,-5447.87011874089,321.61286776307287,1.26e+03
226500,453.0000000014349,-7129.009813939799,-5583.039608879722,296.0787856504164,1.26e+03
227000,454.0000000014397,-7056.383264625751,-5427.926982645068,311.8762294871629,1.26e+03
227500,455.00000000144445,-7031.5990486145,-5380.768615326777,316.1612483880867,1.26e+03
228000,456.0000000014492,-6819.972845760003,-5174.35608296179,315.1627445215418,1.26e+03
228500,457.000000001454,-6978.731852528388,-5184.237060598847,343.6753419383322,1.26e+03
229000,458.0000000014588,-6909.488467069774,-5292.776359956669,309.6270263512439,1.26e+03
229500,459.00000000146355,-6889.295955843184,-5352.5587297749635,294.31051793161,1.26e+03
230000,460.0000000014683,-7083.768986899555,-5308.640618512845,339.96635249844167,1.26e+03
230500,461.0000000014731,-7027.304391602504,-5491.242861649953,294.1811109839592,1.26e+03
231000,462.0000000014779,-7074.945138997237,-5407.7340488786795,319.29841427055675,1.26e+03
231500,463.00000000148265,-7030.204138373811,-5354.912213372643,320.8460273948287,1.26e+03
232000,464.0000000014874,-7026.074945422209,-5378.367973360822,315.563054060736,1.26e+03
232500,465.0000000014922,-6985.804225418891,-5426.258566425121,298.67870892331354,1.26e+03
233000,466.00000000149697,-7097.328532174758,-5521.619995213598,301.7741665624954,1.26e+03
233500,467.00000000150175,-7057.561585747442,-5485.561493928301,301.0639381695377,1.26e+03
234000,468.0000000015065,-7136.292769803298,-5584.559019127423,297.1825996704934,1.26e+03
234500,469.0000000015113,-7100.978838034571,-5486.076760892539,309.2803757663412,1.26e+03
235000,470.00000000151607,-6966.517975723169,-5476.186908191313,285.42297338438914,1.26e+03
235500,471.00000000152085,-7114.938323108141,-5536.128238206076,302.3681641343592,1.26e+03
236000,472.0000000015256,-7032.7967623808145,-5456.979857593535,301.79492078806595,1.26e+03
236500,473.0000000015304,-7098.136295346333,-5529.1282913835585,300.49090400874167,1.26e+03
237000,474.00000000153517,-7038.256529287593,-5393.645859127602,314.97006119193975,1.26e+03
237500,475.00000000153995,-6928.077052981034,-5314.971075488063,308.93639306779994,1.26e+03
238000,476.0000000015447,-6929.727321968095,-5288.921098516287,314.2414469160993,1.26e+03
238500,477.0000000015495,-6983.040844863214,-5395.479306551968,304.04421176424614,1.26e+03
239000,478.00000000155427,-7011.61577928676,-5318.6782173493,324.22545782565163,1.26e+03
239500,479.00000000155904,-6925.978875332835,-5313.873764444622,308.7447106097778,1.26e+03
240000,480.0000000015638,-6942.362155245334,-5164.851088723347,340.42267847946994,1.26e+03
240500,481.0000000015686,-6982.636425272092,-5346.770377558456,313.2953218040692,1.26e+03
241000,482.00000000157337,-7203.722325418506,-5712.638309849284,285.56717534884586,1.26e+03
241500,483.00000000157814,-7015.7734153020865,-5457.173572359427,298.49756955403916,1.26e+03
242000,484.0000000015829,-7115.105619733248,-5443.055187048118,320.2252281675953,1.26e+03
242500,485.0000000015877,-6956.927311687593,-5404.5611681516375,297.30371333067495,1.26e+03
243000,486.00000000159247,-7043.958290322932,-5454.571934815576,304.3936943465686,1.26e+03
243500,487.00000000159724,-7120.675958105465,-5399.285772786045,329.67460435637156,1.26e+03
244000,488.000000001602,-7012.628313105944,-5353.781514601301,317.6965145083437,1.26e+03
244500,489.0000000016068,-7102.053882204665,-5413.938656377368,323.3019009454336,1.26e+03
245000,490.00000000161157,-6924.413976379297,-5390.639085038149,293.7431819856708,1.26e+03
245500,491.00000000161634,-6996.358319963364,-5461.049771515042,294.0369026100462,1.26e+03
246000,492.0000000016211,-6972.50322843255,-5383.211335003822,304.37560330093373,1.26e+03
246500,493.0000000016259,-7027.466976064085,-5386.137564148205,314.3416461337829,1.26e+03
247000,494.00000000163067,-7066.976286936477,-5435.928343843778,312.3725753238108,1.26e+03
247500,495.00000000163544,-7059.866123474512,-5553.559056404896,288.48264072287293,1.26e+03
248000,496.0000000016402,-7025.5919085047535,-5356.505734971182,319.657523662635,1.26e+03
248500,497.000000001645,-7022.993765634534,-5374.069578229163,315.7961708696772,1.26e+03
249000,498.00000000164977,-7037.019415827705,-5456.856761055837,302.62720356684525,1.26e+03
249500,499.00000000165454,-6896.665465423439,-5392.881026523737,287.9995158329166,1.26e+03
250000,500.0000000016593,-7230.154042490941,-5572.633754692036,317.442465835464,1.26e+03
250500,501.0000000016641,-7087.446367780156,-5517.872595736539,300.5992579251285,1.26e+03
251000,502.00000000166887,-6998.407563935502,-5417.809944939494,302.7105063878588,1.26e+03
251500,503.00000000167364,-6987.719065098717,-5371.6928407773075,309.49566848716654,1.26e+03
252000,504.0000000016784,-7032.388492962285,-5395.752897587693,313.4427028701535,1.26e+03
252500,505.0000000016832,-7083.40316752562,-5471.615884986852,308.68384124021236,1.26e+03
253000,506.00000000168797,-7074.936834546184,-5404.254139676954,319.96328382332877,1.26e+03
253500,507.00000000169274,-6847.669088490506,-5266.639654270179,302.7932061234832,1.26e+03
254000,508.0000000016975,-7080.804548639355,-5395.401903616153,322.7823969939175,1.26e+03
254500,509.0000000017023,-7055.410580688981,-5439.955986535788,309.3861918843883,1.26e+03
255000,510.00000000170706,-7153.706904654922,-5548.693104195729,307.3866077345593,1.26e+03
255500,511.00000000171184,-7106.073694387387,-5441.909328821887,318.71491628144395,1.26e+03
256000,512.0000000017166,-7178.727492209522,-5472.17672750593,326.8326106223982,1.26e+03
256500,513.0000000016929,-7041.500669990497,-5458.78506628655,303.1161353827128,1.26e+03
257000,514.0000000016693,-7000.6592290168455,-5452.678243832198,296.4638831998675,1.26e+03
257500,515.0000000016456,-7000.9958111098995,-5347.761298305382,316.62166925623103,1.26e+03
258000,516.000000001622,-7160.9325357047155,-5521.894758690493,313.90276026352717,1.26e+03
258500,517.0000000015983,-6980.272261038057,-5345.5636391597955,313.07365567189134,1.26e+03
259000,518.0000000015747,-7054.754526650568,-5411.6071774423835,314.6898111010843,1.26e+03
259500,519.000000001551,-7188.097113972778,-5510.853344970108,321.2198377049191,1.26e+03
260000,520.0000000015274,-7141.434006379126,-5571.639019811834,300.64162415400114,1.26e+03
260500,521.0000000015037,-7099.105710167349,-5365.622025262869,331.99070893567625,1.26e+03
261000,522.0000000014801,-7126.175064783356,-5434.154361188759,324.049864334988,1.26e+03
261500,523.0000000014564,-7205.590243977842,-5616.645500080116,304.3091184416254,1.26e+03
262000,524.0000000014328,-7152.517654991407,-5636.8596612465935,290.27349736786965,1.26e+03
262500,525.0000000014091,-7179.676352670936,-5663.544302966896,290.3642869007329,1.26e+03
263000,526.0000000013855,-7114.676428003002,-5538.451513575941,301.873061361723,1.26e+03
263500,527.0000000013619,-6910.504886409912,-5261.742393139988,315.7652037765774,1.26e+03
264000,528.0000000013382,-6957.28527322447,-5297.614070589938,317.8544014927527,1.26e+03
264500,529.0000000013146,-6992.517736370568,-5342.825995305038,315.9431700517298,1.26e+03
265000,530.0000000012909,-7072.963196708577,-5453.1827047121715,310.2146726507534,1.26e+03
265500,531.0000000012673,-7126.67725201458,-5536.10838466004,304.62016486364934,1.26e+03
266000,532.0000000012436,-7047.07563152932,-5566.854683073395,283.48671887638824,1.26e+03
266500,533.00000000122,-7040.165948549374,-5379.880824845978,317.9719775003363,1.26e+03
267000,534.0000000011963,-6972.193100583972,-5354.884248528382,309.7413128474103,1.26e+03
267500,535.0000000011727,-7053.171177960414,-5410.690961615119,314.5620441575396,1.26e+03
268000,536.000000001149,-7054.52674895002,-5372.510964082479,322.133757428437,1.26e+03
268500,537.0000000011254,-7137.924388024679,-5525.052724782916,308.8915180251041,1.26e+03
269000,538.0000000011017,-6974.438422987767,-5388.5013821724915,303.733093707556,1.26e+03
269500,539.0000000010781,-7078.809016159486,-5493.743002445286,303.5662776554027,1.26e+03
270000,540.0000000010544,-7101.165319303155,-5548.3493995353865,297.3898528953922,1.26e+03
270500,541.0000000010308,-7096.910617706888,-5542.977079314702,297.60389529029396,1.26e+03
271000,542.0000000010072,-7055.119762927191,-5443.718995759018,308.60981717352183,1.26e+03
271500,543.0000000009835,-7147.011042388012,-5507.184892777312,314.05374661516663,1.26e+03
272000,544.0000000009599,-7084.97593909108,-5608.144440035983,282.8375834277644,1.26e+03
272500,545.0000000009362,-7135.674362041874,-5291.359286404808,353.21674775107226,1.26e+03
273000,546.0000000009126,-7066.483480719357,-5442.879629457158,310.9469089932239,1.26e+03
273500,547.0000000008889,-7059.12336714054,-5352.492404872699,326.8479697783233,1.26e+03
274000,548.0000000008653,-7099.072544227958,-5530.719508314577,300.3654668275661,1.26e+03
274500,549.0000000008416,-7023.144971439173,-5409.3995944816415,309.0588486082707,1.26e+03
275000,550.000000000818,-7036.029238779833,-5421.4066525936,309.22684863980123,1.26e+03
275500,551.0000000007943,-7065.5417587003085,-5403.5589117985,318.29711948645684,1.26e+03
276000,552.0000000007707,-6948.788558404101,-5207.090783036696,333.5638427008197,1.26e+03
276500,553.000000000747,-6948.807105534504,-5197.793717257575,335.34793617740377,1.26e+03
277000,554.0000000007234,-6942.642927981712,-5218.54865462712,330.1924818026024,1.26e+03
277500,555.0000000006997,-6910.312554479167,-5283.932684114505,311.47856242490684,1.26e+03
278000,556.0000000006761,-7057.59171538702,-5429.873751219234,311.7348294519286,1.26e+03
278500,557.0000000006524,-7151.3784424340465,-5576.336841833901,301.6464372522997,1.26e+03
279000,558.0000000006288,-7140.378986503915,-5542.461908723238,306.02746832432007,1.26e+03
279500,559.0000000006052,-7076.366065803919,-5566.810910722125,289.10470313467334,1.26e+03
280000,560.0000000005815,-7025.405898338533,-5395.1358777654605,312.22359033419883,1.26e+03
280500,561.0000000005579,-7093.998149038866,-5497.169593353354,305.81899839454064,1.26e+03
281000,562.0000000005342,-7168.651734905188,-5606.917350327415,299.09788596237456,1.26e+03
281500,563.0000000005106,-7038.70663481071,-5372.879543595285,319.0333556599573,1.26e+03
282000,564.0000000004869,-7128.765379465507,-5507.684308153056,310.4637550349265,1.26e+03
282500,565.0000000004633,-6947.844095650656,-5281.368081465811,319.1576351086411,1.26e+03
283000,566.0000000004396,-7071.038746172488,-5298.691874979886,339.43364992188106,1.26e+03
283500,567.000000000416,-6913.94168188748,-5298.988265916675,309.2902079985731,1.26e+03
284000,568.0000000003923,-6991.534318661529,-5449.478311478031,295.32915221615,1.26e+03
284500,569.0000000003687,-7036.078486726405,-5424.733084020832,308.5992139660335,1.26e+03
285000,570.000000000345,-7062.72317633276,-5290.7593374270855,339.3602929231451,1.26e+03
285500,571.0000000003214,-6945.116849830168,-5204.843034885057,333.2911308003786,1.26e+03
286000,572.0000000002977,-7083.658972431147,-5463.209003346594,310.34288855208905,1.26e+03
286500,573.0000000002741,-7088.357847348603,-5425.880241009381,318.3918740767711,1.26e+03
287000,574.0000000002505,-7099.688564404238,-5520.46027278086,302.44825761726855,1.26e+03
287500,575.0000000002268,-7141.03715991438,-5496.164918619888,315.02015637722246,1.26e+03
288000,576.0000000002032,-6976.941126871682,-5411.914246003931,299.7284532916184,1.26e+03
288500,577.0000000001795,-7133.100753399089,-5598.994897718045,293.8065671140058,1.26e+03
289000,578.0000000001559,-7003.120635091377,-5398.6711508417175,307.27853187546793,1.26e+03
289500,579.0000000001322,-6885.343886439501,-5264.163096623624,310.48285277258304,1.26e+03
290000,580.0000000001086,-6966.692673525691,-5379.800394134388,303.9160376457193,1.26e+03
290500,581.0000000000849,-7044.385828439767,-5508.244882446159,294.19632046530614,1.26e+03
291000,582.0000000000613,-7188.435347890167,-5495.196285404576,324.2832001520375,1.26e+03
291500,583.0000000000376,-7044.0359619160345,-5485.350093093011,298.51404492860286,1.26e+03
292000,584.000000000014,-7036.521062216867,-5437.317406694083,306.27386917621294,1.26e+03
292500,584.9999999999903,-6979.1297162218925,-5398.446136123874,302.7269693562998,1.26e+03
293000,585.9999999999667,-6990.864824559625,-5348.348541598865,314.56895150910066,1.26e+03
293500,586.999999999943,-7088.157132666728,-5472.3171410901,309.4600018457638,1.26e+03
294000,587.9999999999194,-7124.448593975313,-5540.059501526954,303.4366360712924,1.26e+03
294500,588.9999999998957,-7037.341974308388,-5412.525425070861,311.1791606515809,1.26e+03
295000,589.9999999998721,-7046.771406765231,-5437.573535430434,308.18792629805375,1.26e+03
295500,590.9999999998485,-7085.94428503698,-5376.17621624009,327.44877740613947,1.26e+03
296000,591.9999999998248,-7059.485720999597,-5402.3779624736035,317.3634596775387,1.26e+03
296500,592.9999999998012,-7119.351668704843,-5529.515426145734,304.4798551351318,1.26e+03
297000,593.9999999997775,-7080.824842674721,-5540.399634118825,295.01682738885376,1.26e+03
297500,594.9999999997539,-7076.318680839871,-5500.756402610596,301.7461556036907,1.26e+03
298000,595.9999999997302,-7160.638627475881,-5584.371495152752,301.8811467849474,1.26e+03
298500,596.9999999997066,-7066.140029892428,-5511.951923084128,297.6526493395385,1.26e+03
299000,597.9999999996829,-7066.406367285193,-5508.688498188507,298.3286570197377,1.26e+03
299500,598.9999999996593,-6950.509043003454,-5415.594817699619,293.96138322591355,1.26e+03
300000,599.9999999996356,-7080.10631964873,-5330.554807971852,335.06796270372547,1.26e+03
300500,600.999999999612,-6977.438107751069,-5373.535470017192,307.1738017507861,1.26e+03
301000,601.9999999995883,-7136.719455165452,-5509.906773511287,311.56145292343797,1.26e+03
301500,602.9999999995647,-7133.458673989657,-5559.437394701226,301.45102889710824,1.26e+03
302000,603.999999999541,-7063.019940800064,-5459.984330320789,307.0077517351856,1.26e+03
302500,604.9999999995174,-7000.473531105762,-5439.296298502313,298.9911821724563,1.26e+03
303000,605.9999999994938,-7083.494941664564,-5554.107790240445,292.90285744246034,1.26e+03
303500,606.9999999994701,-7226.909848905371,-5577.969282275097,315.7993077613221,1.26e+03
304000,607.9999999994465,-7039.501524557784,-5344.491923195485,324.622287541204,1.26e+03
304500,608.9999999994228,-6987.270820190942,-5413.256468120416,301.4497022206573,1.26e+03
305000,609.9999999993992,-7045.913523464384,-5427.211016060183,310.0082208265429,1.26e+03
305500,610.9999999993755,-7029.071311465882,-5526.286546886755,287.808061716975,1.26e+03
306000,611.9999999993519,-6924.75831633957,-5406.218577129378,290.8253991413645,1.26e+03
306500,612.9999999993282,-7045.176062710546,-5437.27477054181,307.93961000856103,1.26e+03
307000,613.9999999993046,-6825.451522447243,-5194.006339182604,312.44865336679925,1.26e+03
307500,614.9999999992809,-7025.488313984042,-5343.0085989543795,322.2226077041913,1.26e+03
308000,615.9999999992573,-6790.2555732626015,-5264.477120593956,292.21173212723664,1.26e+03
308500,616.9999999992336,-7027.691336106351,-5330.8549618412135,324.9721446736124,1.26e+03
309000,617.99999999921,-6975.120330215394,-5406.177465294253,300.47842880819627,1.26e+03
309500,618.9999999991863,-7078.578000663295,-5396.132097821309,322.21613211272484,1.26e+03
310000,619.9999999991627,-6997.770498725483,-5447.844434879503,296.8363978357621,1.26e+03
310500,620.999999999139,-7119.533375229835,-5504.016751503884,309.39807157037205,1.26e+03
311000,621.9999999991154,-6901.154727440106,-5386.207968179436,290.13728423666663,1.26e+03
311500,622.9999999990918,-6923.580729130476,-5398.363006266533,292.10434312380625,1.26e+03
312000,623.9999999990681,-7090.997440960355,-5483.475988362767,307.86686446754123,1.26e+03
312500,624.9999999990445,-6989.465925895485,-5377.169425072972,308.7813649380098,1.26e+03
313000,625.9999999990208,-6889.989053347982,-5249.706750891661,314.1411074065714,1.26e+03
313500,626.9999999989972,-6935.3268888650655,-5278.263549077495,317.35495275671366,1.26e+03
314000,627.9999999989735,-7074.4260969086345,-5437.957372097488,313.41074440573794,1.26e+03
314500,628.9999999989499,-7003.647921680118,-5289.357669985473,328.3148499969787,1.26e+03
315000,629.9999999989262,-6958.902350953118,-5352.980997613344,307.5604190757588,1.26e+03
315500,630.9999999989026,-7002.0108538686145,-5398.7627908031245,307.0484399085597,1.26e+03
316000,631.9999999988789,-6901.779275107283,-5313.861048114715,304.11252352813085,1.26e+03
316500,632.9999999988553,-7026.496609037074,-5360.635227284933,319.0399228631526,1.26e+03
317000,633.9999999988316,-7035.072902462283,-5417.6127648061265,309.77028653445524,1.26e+03
317500,634.999999998808,-7032.717663494025,-5363.569350542183,319.6694243858458,1.26e+03
318000,635.9999999987843,-6915.388505974774,-5274.3793701161685,314.2803079878078,1.26e+03
318500,636.9999999987607,-7078.273931480608,-5437.950733609163,314.1489395528888,1.26e+03
319000,637.999999998737,-7044.950785977719,-5373.457199341868,320.11858296736733,1.26e+03
319500,638.9999999987134,-7060.919056059759,-5328.915247780125,331.70728816044874,1.26e+03
320000,639.9999999986898,-6953.077222841819,-5281.6339596652,320.1089451951448,1.26e+03
320500,640.9999999986661,-7015.465970290318,-5396.1735878713735,310.12119161826917,1.26e+03
321000,641.9999999986425,-6955.624317556428,-5409.905416875659,296.0306567180407,1.26e+03
321500,642.9999999986188,-7023.021418964083,-5379.801791097346,314.70365365599434,1.26e+03
322000,643.9999999985952,-7032.320679595973,-5438.519650048455,305.23917721847357,1.26e+03
322500,644.9999999985715,-6892.573375326571,-5391.997397858056,287.3850425647756,1.26e+03
323000,645.9999999985479,-7036.571920662051,-5434.62698296747,306.79886991289845,1.26e+03
323500,646.9999999985242,-7107.152541112542,-5428.4035210600805,321.5081181009206,1.26e+03
324000,647.9999999985006,-7040.057420682854,-5406.898760350948,312.7768124785699,1.26e+03
324500,648.9999999984769,-6951.289777779822,-5384.427719979347,300.07991993432336,1.26e+03
325000,649.9999999984533,-6873.997462203624,-5089.088490836006,341.83949924088097,1.26e+03
325500,650.9999999984296,-7130.818600075085,-5553.152089824398,302.1491507323076,1.26e+03
326000,651.999999998406,-7090.720150668447,-5569.635230344768,291.3128432918887,1.26e+03
326500,652.9999999983823,-6991.920940760669,-5410.5124632920415,302.86579915554705,1.26e+03
327000,653.9999999983587,-6994.489630960055,-5382.5275269291415,308.7173224385762,1.26e+03
327500,654.999999998335,-7119.504635047397,-5593.42037015827,292.27030020997245,1.26e+03
328000,655.9999999983114,-7073.202564333419,-5498.029407209343,301.67163249585775,1.26e+03
328500,656.9999999982878,-6996.384483322614,-5394.018149719346,306.8795741777763,1.26e+03
329000,657.9999999982641,-7072.833034706694,-5468.364307974909,307.28221712808266,1.26e+03
329500,658.9999999982405,-6941.87185297709,-5434.6945716344135,288.649301105059,1.26e+03
330000,659.9999999982168,-7057.968933767442,-5457.349446423216,306.54502431555875,1.26e+03
330500,660.9999999981932,-7046.410704396258,-5381.063478798907,318.94145348162954,1.26e+03
331000,661.9999999981695,-7111.2435643128865,-5448.573794895664,318.42867647477027,1.26e+03
331500,662.9999999981459,-7082.86381541062,-5546.220912085942,294.29245357094135,1.26e+03
332000,663.9999999981222,-7018.199884441037,-5394.949431603864,310.8792273676728,1.26e+03
332500,664.9999999980986,-7017.493773678856,-5363.2495154122635,316.8150521618323,1.26e+03
333000,665.9999999980749,-7014.689267594851,-5363.496361842389,316.2306678418641,1.26e+03
333500,666.9999999980513,-6949.612237565098,-5367.824013503239,302.9385268897628,1.26e+03
334000,667.9999999980276,-6870.054524687726,-5195.4245217685375,320.71925840174856,1.26e+03
334500,668.999999998004,-7035.744540032543,-5365.495187002217,319.88029171583906,1.26e+03
335000,669.9999999979804,-7109.644369189103,-5483.719029096317,311.3915123831284,1.26e+03
335500,670.9999999979567,-7044.4679740669235,-5512.033756247118,293.48642090007314,1.26e+03
336000,671.9999999979331,-7024.079611190908,-5364.183175687754,317.89753730094077,1.26e+03
336500,672.9999999979094,-7100.67283838739,-5446.686719868129,316.7656141437721,1.26e+03
337000,673.9999999978858,-7096.6914366618485,-5362.51248149805,332.1238646545925,1.26e+03
337500,674.9999999978621,-6980.939826613915,-5352.631841848622,311.84782812515476,1.26e+03
338000,675.9999999978385,-7098.939684062313,-5398.928583125422,325.5801571790722,1.26e+03
338500,676.9999999978148,-7137.779710994921,-5484.602676504235,316.6106612113769,1.26e+03
339000,677.9999999977912,-7081.910635970009,-5539.894130476753,295.32158699112836,1.26e+03
339500,678.9999999977675,-7065.248459551463,-5433.104615085291,312.58245850706265,1.26e+03
340000,679.9999999977439,-7041.227535982049,-5415.921471695653,311.2729108550146,1.26e+03
340500,680.9999999977202,-7013.835352932555,-5373.440440705467,314.1626740344869,1.26e+03
341000,681.9999999976966,-6955.4802779640695,-5373.473708591823,302.98034361698075,1.26e+03
341500,682.999999997673,-7076.498456374519,-5509.877778625509,300.03369167437137,1.26e+03
342000,683.9999999976493,-6967.263366468565,-5332.922808251043,313.00316541188704,1.26e+03
342500,684.9999999976257,-7055.359548307207,-5480.005999390847,301.70618049854613,1.26e+03
343000,685.999999997602,-7079.465823397113,-5543.736540290987,294.11748023447643,1.26e+03
343500,686.9999999975784,-6897.622567764832,-5291.698602741326,307.5609192562572,1.26e+03
344000,687.9999999975547,-6973.870333780311,-5313.229870571878,318.04003087471625,1.26e+03
344500,688.9999999975311,-7080.394634901717,-5475.972536475989,307.2732870386222,1.26e+03
345000,689.9999999975074,-7069.047513345602,-5521.258749549299,296.4270696344762,1.26e+03
345500,690.9999999974838,-7036.22113756305,-5501.799805548035,293.8669860338258,1.26e+03
346000,691.9999999974601,-7135.819689957867,-5440.568532105795,324.66854959200134,1.26e+03
346500,692.9999999974365,-7059.330619799036,-5467.0428966375375,304.9493540927606,1.26e+03
347000,693.9999999974128,-7095.660753539859,-5501.904817386873,305.23054108987924,1.26e+03
347500,694.9999999973892,-7103.175142962697,-5547.552131846274,297.9274571745685,1.26e+03
348000,695.9999999973655,-7155.420699964112,-5497.396225870723,317.5390258243459,1.26e+03
348500,696.9999999973419,-7053.965431891431,-5369.394942982942,322.623025376593,1.26e+03
349000,697.9999999973182,-7022.979377416567,-5414.317106287342,308.085350027217,1.26e+03
349500,698.9999999972946,-7104.715902291288,-5601.338613672736,287.92153984060735,1.26e+03
350000,699.999999997271,-7122.057463150701,-5450.220440945011,320.18435654187346,1.26e+03
350500,700.9999999972473,-7054.358570112525,-5493.18182145362,298.9910894890965,1.26e+03
351000,701.9999999972237,-7021.429267256398,-5545.15034541043,282.73175578081384,1.26e+03
351500,702.9999999972,-7138.5078167922775,-5528.660331179528,308.3123381437205,1.26e+03
352000,703.9999999971764,-7001.861425174311,-5306.570313732009,324.67620136332204,1.26e+03
352500,704.9999999971527,-7058.893329959649,-5373.756516054531,322.73148595153594,1.26e+03
353000,705.9999999971291,-6975.175747441569,-5338.390132030991,313.4714341807134,1.26e+03
353500,706.9999999971054,-6993.216054674795,-5411.850039056835,302.8576670109941,1.26e+03
354000,707.9999999970818,-6997.637483177851,-5326.644835277049,320.02264493966584,1.26e+03
354500,708.9999999970581,-7030.34716287534,-5379.781222781389,316.1105935802715,1.26e+03
355000,709.9999999970345,-6978.096520142855,-5371.1413148124875,307.7584187790617,1.26e+03
355500,710.9999999970108,-7006.029986146507,-5364.271941624016,314.42373634563813,1.26e+03
356000,711.9999999969872,-7050.558700245581,-5391.264192740556,317.7822581641556,1.26e+03
356500,712.9999999969635,-7011.549519939075,-5401.4997967725285,308.3510699699518,1.26e+03
357000,713.9999999969399,-7100.568662898725,-5362.612656730106,332.84723220151324,1.26e+03
357500,714.9999999969162,-7048.524869026313,-5443.9840526427615,307.2960234850767,1.26e+03
358000,715.9999999968926,-7148.664740645361,-5572.482393403568,301.8649090438573,1.26e+03
358500,716.999999996869,-6999.438308715276,-5424.260225037485,301.6725760121277,1.26e+03
359000,717.9999999968453,-7004.133139115039,-5415.010291713006,304.34322819943486,1.26e+03
359500,718.9999999968217,-7098.199845434771,-5448.375899300739,315.9684895022671,1.26e+03
360000,719.999999996798,-7170.228285035722,-5495.770911515592,320.68619702535625,1.26e+03
360500,720.9999999967744,-7004.947517686467,-5488.102675004884,290.50079850911993,1.26e+03
361000,721.9999999967507,-6989.905021110791,-5444.306682115359,296.0075671673667,1.26e+03
361500,722.9999999967271,-7040.936160511766,-5523.013068499485,290.7073010351172,1.26e+03
362000,723.9999999967034,-7004.84621900214,-5292.065765608846,328.02569872732425,1.26e+03
362500,724.9999999966798,-6997.882897361573,-5231.791708396447,338.2355836258661,1.26e+03
363000,725.9999999966561,-6942.12978236182,-5418.274465738384,291.8434198641396,1.26e+03
363500,726.9999999966325,-7076.124152350114,-5440.26450879035,313.2940953030051,1.26e+03
364000,727.9999999966088,-7058.6025006088,-5424.974692206135,312.866662069866,1.26e+03
364500,728.9999999965852,-7041.375598063495,-5479.357565799612,299.15220917130904,1.26e+03
365000,729.9999999965615,-7115.850827692261,-5465.752652887163,316.0210088145111,1.26e+03
365500,730.9999999965379,-7032.135161087547,-5401.301562079171,312.33152489736017,1.26e+03
366000,731.9999999965142,-7042.222055570157,-5514.083067806992,292.66381352051496,1.26e+03
366500,732.9999999964906,-7076.760056933099,-5482.197038992749,305.38511056006774,1.26e+03
367000,733.999999996467,-7042.585209093466,-5433.436306490619,308.1785479784436,1.26e+03
367500,734.9999999964433,-6986.492899067825,-5351.05523002174,313.2132802257312,1.26e+03
368000,735.9999999964197,-6996.085181385344,-5339.234303324687,317.3142628327448,1.26e+03
368500,736.999999996396,-7141.704536907854,-5638.2244273145925,287.9412317526711,1.26e+03
369000,737.9999999963724,-7077.316378842999,-5421.424288843135,317.1306391097219,1.26e+03
369500,738.9999999963487,-7110.099418356234,-5438.859955421103,320.06991408845363,1.26e+03
370000,739.9999999963251,-6995.295705692294,-5464.957155269685,293.08506603821456,1.26e+03
370500,740.9999999963014,-7034.827026824023,-5410.375700645459,311.1092144136552,1.26e+03
371000,741.9999999962778,-7013.039630313275,-5432.251990281181,302.7468985495112,1.26e+03
371500,742.9999999962541,-7097.008600083309,-5499.046968042676,306.03600119975323,1.26e+03
372000,743.9999999962305,-7104.66787733561,-5439.02012527575,318.99900925455745,1.26e+03
372500,744.9999999962068,-7052.659668510028,-5418.183426687105,313.0291510595974,1.26e+03
373000,745.9999999961832,-7176.414902833192,-5563.738237585719,308.85417269389114,1.26e+03
373500,746.9999999961595,-7132.956663018692,-5455.898604816368,321.1842710244819,1.26e+03
374000,747.9999999961359,-7049.333556441195,-5488.69085705181,298.8888102480868,1.26e+03
374500,748.9999999961123,-6990.8644433258405,-5232.87253051943,336.6844386931429,1.26e+03
375000,749.9999999960886,-7015.313236593182,-5401.22680824312,309.12416557351014,1.26e+03
375500,750.999999996065,-7026.721356859986,-5435.360808299702,304.77178486851886,1.26e+03
376000,751.9999999960413,-7076.562444994913,-5442.139302137397,313.01898173217734,1.26e+03
376500,752.9999999960177,-7076.183072699521,-5440.245295676697,313.3090591495178,1.26e+03
377000,753.999999995994,-7086.03938953474,-5416.213801889074,319.7991336572424,1.26e+03
377500,754.9999999959704,-7065.6925985685,-5452.524799785033,308.94823286429636,1.26e+03
378000,755.9999999959467,-7092.018605737981,-5678.997053607313,270.6169264345278,1.26e+03
378500,756.9999999959231,-7112.317342624066,-5565.362377571778,296.2673834265553,1.26e+03
379000,757.9999999958994,-7159.351200494719,-5493.050512571126,319.12405723867045,1.26e+03
379500,758.9999999958758,-7056.074156624218,-5455.195862212051,306.59459013651895,1.26e+03
380000,759.9999999958521,-6932.269130753406,-5341.7075566924395,304.61876807767175,1.26e+03
380500,760.9999999958285,-7140.93669728424,-5515.061789594299,311.3818537464078,1.26e+03
381000,761.9999999958048,-6980.9561640412985,-5416.847590874316,299.5525822250176,1.26e+03
381500,762.9999999957812,-7039.673598585161,-5405.511073246939,312.9690691799306,1.26e+03
382000,763.9999999957575,-6958.016456829432,-5339.30959974608,310.009053861822,1.26e+03
382500,764.9999999957339,-7055.29503794066,-5418.469598765975,313.47906108819063,1.26e+03
383000,765.9999999957103,-7156.22587461486,-5564.021270950391,304.9334353385285,1.26e+03
383500,766.9999999956866,-6991.332473781858,-5408.979334912529,303.0467173902292,1.26e+03
384000,767.999999995663,-6958.310242521453,-5331.842258903086,311.4954375658838,1.26e+03
384500,768.9999999956393,-7077.1593547159,-5442.563090620576,313.0521373038001,1.26e+03
385000,769.9999999956157,-7055.886684058919,-5409.9539710316185,315.22325420009065,1.26e+03
385500,770.999999995592,-6956.051141546707,-5198.217006676226,336.6542216168244,1.26e+03
386000,771.9999999955684,-6887.107050394145,-5264.244772826614,310.8048854029443,1.26e+03
386500,772.9999999955447,-7050.0349757682325,-5422.367178308151,311.7252217002084,1.26e+03
387000,773.9999999955211,-6977.932861914768,-5382.826976940951,305.48907854826876,1.26e+03
387500,774.9999999954974,-7110.406621497375,-5454.892755340134,317.05820300735644,1.26e+03
388000,775.9999999954738,-7026.307867704985,-5434.864311953607,304.7876821143123,1.26e+03
388500,776.9999999954501,-7104.272342850319,-5475.400619220591,311.9557934131398,1.26e+03
389000,777.9999999954265,-6901.8446772221005,-5198.973780495678,326.127855227716,1.26e+03
389500,778.9999999954028,-7078.974570898775,-5516.058769732,299.3241467194539,1.26e+03
390000,779.9999999953792,-6936.075669067693,-5413.707890897426,291.5585317224527,1.26e+03
390500,780.9999999953556,-6945.394995363973,-5225.074164924517,329.46980526434976,1.26e+03
391000,781.9999999953319,-7053.841787704756,-5210.4547556613325,353.0390121004518,1.26e+03
391500,782.9999999953083,-6972.941716074399,-5331.3697832898815,314.3880928790344,1.26e+03
392000,783.9999999952846,-6972.496123603232,-5381.014075457101,304.7950540426056,1.26e+03
392500,784.999999995261,-7033.1966862333,-5492.304029724816,295.10635137948685,1.26e+03
393000,785.9999999952373,-7020.097036435762,-5523.548805954507,286.6136626035111,1.26e+03
393500,786.9999999952137,-7050.99990022281,-5398.186536603311,316.5410122430042,1.26e+03
394000,787.99999999519,-7072.929976468824,-5297.900140594131,339.94748189769575,1.26e+03
394500,788.9999999951664,-7013.557533013766,-5544.518927298607,281.3451158567594,1.26e+03
395000,789.9999999951427,-7268.787573118082,-5717.835935199138,297.03281218134526,1.26e+03
395500,790.9999999951191,-7098.389082376791,-5589.968212957798,288.8874687270999,1.26e+03
396000,791.9999999950954,-7033.206121817198,-5470.367350579279,299.3093942179375,1.26e+03
396500,792.9999999950718,-7112.367458928312,-5508.019970420081,307.2589980091844,1.26e+03
397000,793.9999999950481,-6948.545166930087,-5278.335734757702,319.87264621329143,1.26e+03
397500,794.9999999950245,-6980.245931950032,-5321.667696640217,317.64508022821684,1.26e+03
398000,795.9999999950008,-6903.736920870371,-5193.47035536626,327.54424774524557,1.26e+03
398500,796.9999999949772,-6865.815464778108,-5233.20248605722,312.6723054523588,1.26e+03
399000,797.9999999949536,-7128.684211282143,-5371.521226834417,336.5256852443203,1.26e+03
399500,798.9999999949299,-7115.799169548307,-5467.615561378035,315.65433773480294,1.26e+03
400000,799.9999999949063,-6969.196934832851,-5438.067355959517,293.2365610297346,1.26e+03
400500,800.9999999948826,-7088.492040189917,-5453.534648072614,313.12129927462075,1.26e+03
401000,801.999999994859,-7042.421789960135,-5441.548548932851,306.59362232998905,1.26e+03
401500,802.9999999948353,-7118.427758402456,-5478.641136569753,314.04617639390955,1.26e+03
402000,803.9999999948117,-6957.345972037947,-5303.127344461149,316.8101434621142,1.26e+03
402500,804.999999994788,-6874.718417148417,-5242.68203813738,312.56187710041473,1.26e+03
403000,805.9999999947644,-6986.509971953838,-5345.205999331105,314.33677408967856,1.26e+03
403500,806.9999999947407,-7073.646295442904,-5476.445627749927,305.8902639796959,1.26e+03
404000,807.9999999947171,-7055.427449205111,-5473.834802714508,302.9010705600039,1.26e+03
404500,808.9999999946934,-7049.822258436275,-5429.217838004294,310.3724685318574,1.26e+03
405000,809.9999999946698,-6983.842055102535,-5451.115143164596,293.54247664990595,1.26e+03
405500,810.9999999946461,-6980.400820699904,-5437.499682323994,295.49100877479884,1.26e+03
406000,811.9999999946225,-7013.76950922693,-5396.832594392979,309.6700807366226,1.26e+03
406500,812.9999999945989,-7070.691255762255,-5411.340066547537,317.793113646182,1.26e+03
407000,813.9999999945752,-7025.156358641985,-5371.109972328367,316.7771564201426,1.26e+03
407500,814.9999999945516,-7027.634536420826,-5310.091650546686,328.9377830747819,1.26e+03
408000,815.9999999945279,-6899.964984749343,-5302.434389465574,305.95345055348247,1.26e+03
408500,816.9999999945043,-6838.994207674422,-5275.788735842936,299.3796234281029,1.26e+03
409000,817.9999999944806,-7007.589631546414,-5335.014525599199,320.3257117485805,1.26e+03
409500,818.999999994457,-7126.130945187346,-5460.097236075944,319.0729263939431,1.26e+03
410000,819.9999999944333,-7004.7160038150005,-5317.225765327356,323.182205564523,1.26e+03
410500,820.9999999944097,-7083.102716836325,-5404.717745671688,321.43839673612865,1.26e+03
411000,821.999999994386,-7067.882068344542,-5499.686922887989,300.3352282016402,1.26e+03
411500,822.9999999943624,-7091.550676696446,-5481.582118828426,308.3355254769558,1.26e+03
412000,823.9999999943387,-7129.436954710518,-5460.071039042742,319.71109889398133,1.26e+03
412500,824.9999999943151,-6993.616729542127,-5365.606475046757,311.79080786921344,1.26e+03
413000,825.9999999942914,-7062.871909131405,-5468.9593672622805,305.2605336667793,1.26e+03
413500,826.9999999942678,-6980.25298362214,-5443.2891752615205,294.35391217670195,1.26e+03
414000,827.9999999942441,-7125.596641122693,-5569.582536367425,298.0023580551196,1.26e+03
414500,828.9999999942205,-7185.101824970137,-5552.927926985223,312.58821425145186,1.26e+03
415000,829.9999999941969,-7066.64466801787,-5463.058140304503,307.1132614695452,1.26e+03
415500,830.9999999941732,-7135.120884154663,-5583.01098828673,297.2546376770011,1.26e+03
416000,831.9999999941496,-7141.47472238333,-5487.100114226054,316.8400163152273,1.26e+03
416500,832.9999999941259,-7149.188407759425,-5528.748362756167,310.34098792688354,1.26e+03
417000,833.9999999941023,-7205.691352061494,-5466.925412925313,333.00234771972265,1.26e+03
417500,834.9999999940786,-7045.235796918762,-5517.513067745859,292.58409313682466,1.26e+03
418000,835.999999994055,-7123.295773644385,-5492.8969004846085,312.2482677291929,1.26e+03
418500,836.9999999940313,-7174.432875512153,-5558.988835531544,309.3841705863114,1.26e+03
419000,837.9999999940077,-7027.808954099189,-5447.360276963452,302.6819815657263,1.26e+03
419500,838.999999993984,-7030.759393389832,-5339.788052856602,323.8488940058712,1.26e+03
420000,839.9999999939604,-7133.769072802869,-5431.298933941593,326.05110348847546,1.26e+03
420500,840.9999999939367,-6949.433049145013,-5435.693654575696,289.9060539901306,1.26e+03
421000,841.9999999939131,-7089.1841666104165,-5409.816919181474,321.62651883741927,1.26e+03
421500,842.9999999938894,-7132.381709405322,-5357.807447390547,339.86023199159973,1.26e+03
422000,843.9999999938658,-7118.423883965656,-5475.353665231266,314.67503934355443,1.26e+03
422500,844.9999999938422,-7034.208283894973,-5370.520975899777,318.62355189056575,1.26e+03
423000,845.9999999938185,-7059.404051818395,-5435.706087150633,310.96493326221764,1.26e+03
423500,846.9999999937949,-7114.395577714746,-5522.321122021469,304.9085098560455,1.26e+03
424000,847.9999999937712,-7141.606874270998,-5523.046019202444,309.98109206857237,1.26e+03
424500,848.9999999937476,-7117.337484288404,-5423.367869282457,324.4231130057091,1.26e+03
425000,849.9999999937239,-6964.818939029748,-5329.346308661585,313.2199758953836,1.26e+03
425500,850.9999999937003,-6986.5765601515195,-5335.687393805016,316.17249673728776,1.26e+03
426000,851.9999999936766,-7048.920265851419,-5298.437622671567,335.24628973989934,1.26e+03
426500,852.999999993653,-7074.970272839405,-5376.528692782372,325.27956805087285,1.26e+03
427000,853.9999999936293,-7129.167158026579,-5519.9064849066135,308.1999538754472,1.26e+03
427500,854.9999999936057,-7126.529251701646,-5472.866765891222,316.7036331436756,1.26e+03
428000,855.999999993582,-7065.0407078548005,-5468.360928847479,305.7905052074999,1.26e+03
428500,856.9999999935584,-7202.026313012083,-5558.95934281229,314.6744171956141,1.26e+03
429000,857.9999999935347,-7168.04091587296,-5574.528593385655,305.1838850559747,1.26e+03
429500,858.9999999935111,-7115.4217999739785,-5509.265414886807,307.6054315308054,1.26e+03
430000,859.9999999934874,-7065.983880271115,-5461.188073076166,307.34485842998254,1.26e+03
430500,860.9999999934638,-7058.840795513695,-5362.567846640389,324.8642394207997,1.26e+03
431000,861.9999999934402,-6949.42627666166,-5330.936641297922,309.96745232076404,1.26e+03
431500,862.9999999934165,-6991.967417673337,-5365.532205956624,311.4891612063437,1.26e+03
432000,863.9999999933929,-7070.353049155191,-5407.849671101476,318.3968097850444,1.26e+03
432500,864.9999999933692,-7055.032947526429,-5486.907323629475,300.3219136766414,1.26e+03
433000,865.9999999933456,-6953.406505863801,-5330.8006484151065,310.7557767220962,1.26e+03
433500,866.9999999933219,-7024.094707388326,-5353.681788528815,319.91161726915226,1.26e+03
434000,867.9999999932983,-7054.702798659748,-5460.0064190009125,305.41065152814866,1.26e+03
434500,868.9999999932746,-7155.194606439356,-5575.421413035019,302.55261529316493,1.26e+03
435000,869.999999993251,-7130.457023979243,-5544.959004256644,303.6490139293241,1.26e+03
435500,870.9999999932273,-7035.955639477846,-5433.476920110952,306.90109790463066,1.26e+03
436000,871.9999999932037,-7248.366974434402,-5672.8139122606635,301.7443905770927,1.26e+03
436500,872.99999999318,-7130.715067651092,-5425.402722250345,326.59543290570474,1.26e+03
437000,873.9999999931564,-7054.493642125236,-5576.530086696269,283.0543908897492,1.26e+03
437500,874.9999999931327,-7085.420486598554,-5471.987178430539,308.9990822894007,1.26e+03
438000,875.9999999931091,-7198.221566660111,-5606.368005280134,304.86620495273974,1.26e+03
438500,876.9999999930855,-7009.862329550064,-5384.761129725132,311.23367593265004,1.26e+03
439000,877.9999999930618,-7061.474105896845,-5499.82893658119,299.08079976861546,1.26e+03
439500,878.9999999930382,-7131.854502519406,-5568.452159718492,299.41732746493847,1.26e+03
440000,879.9999999930145,-7103.125702299822,-5505.362579579584,305.9979833916929,1.26e+03
440500,880.9999999929909,-7002.063601059476,-5331.089579609456,320.0190776672111,1.26e+03
441000,881.9999999929672,-6961.464612364668,-5312.792273841446,315.74793765602936,1.26e+03
441500,882.9999999929436,-6896.408084930049,-5303.172373369723,305.1309095024425,1.26e+03
442000,883.9999999929199,-7015.686692053308,-5285.517817039559,331.3558681839612,1.26e+03
442500,884.9999999928963,-6990.814559725249,-5349.36345619992,314.3649520835555,1.26e+03
443000,885.9999999928726,-7011.185950030723,-5454.137590744318,298.20043485157413,1.26e+03
443500,886.999999992849,-7033.615852728566,-5537.339484238806,286.56159654942866,1.26e+03
444000,887.9999999928253,-7070.308898980666,-5503.15918496501,300.1350108426712,1.26e+03
444500,888.9999999928017,-7190.864878452986,-5583.797273197625,307.77994521805147,1.26e+03
445000,889.999999992778,-7071.535653588635,-5408.033429292802,318.58810531030724,1.26e+03
445500,890.9999999927544,-7112.234144856769,-5432.0316840352425,321.78647597386725,1.26e+03
446000,891.9999999927307,-6945.452990329404,-5384.045636693487,299.0352541446217,1.26e+03
446500,892.9999999927071,-7042.660211762766,-5357.676082040066,322.70224441300553,1.26e+03
447000,893.9999999926835,-7007.854822260053,-5335.462948182056,320.29061982432944,1.26e+03
447500,894.9999999926598,-7022.033895596005,-5404.564412944002,309.77207625524886,1.26e+03
448000,895.9999999926362,-7025.627895753525,-5353.307977602853,320.2768390777711,1.26e+03
448500,896.9999999926125,-7069.908829819848,-5465.015008054784,307.36362983631415,1.26e+03
449000,897.9999999925889,-7006.72590981191,-5445.571131349772,298.9868818341507,1.26e+03
449500,898.9999999925652,-7151.806366828143,-5494.072882653165,317.4832964568603,1.26e+03
450000,899.9999999925416,-7050.675215832464,-5448.4998186321955,306.84300670826667,1.26e+03
450500,900.9999999925179,-7035.431584125471,-5378.8269743143155,317.2670984022675,1.26e+03
451000,901.9999999924943,-7036.03153274162,-5314.556699681918,329.6908157943855,1.26e+03
451500,902.9999999924706,-6999.524921156058,-5319.083158091528,321.8323062992382,1.26e+03
452000,903.999999992447,-7047.072250827751,-5400.661072995064,315.3148880996906,1.26e+03
452500,904.9999999924233,-6990.717874609642,-5334.898964366367,317.11662397967984,1.26e+03
453000,905.9999999923997,-7082.51274133496,-5491.137712897709,304.77455800371547,1.26e+03
453500,906.999999992376,-7090.798053874807,-5493.62812512339,305.88437696553495,1.26e+03
454000,907.9999999923524,-6910.724504066851,-5299.259451650509,308.6221288585406,1.26e+03
454500,908.9999999923288,-7011.491738127884,-5347.335105955182,318.71343520920783,1.26e+03
455000,909.9999999923051,-7044.602727543535,-5405.1110592257155,313.9896879323441,1.26e+03
455500,910.9999999922815,-7009.761706082845,-5402.194309143233,307.8756635666115,1.26e+03
456000,911.9999999922578,-7003.845616214866,-5417.018475098079,303.90356259208954,1.26e+03
456500,912.9999999922342,-7031.536556818601,-5490.059261860088,295.21831928272485,1.26e+03
457000,913.9999999922105,-7019.8059414910595,-5424.511386292335,305.52521200730695,1.26e+03
457500,914.9999999921869,-6967.561595273332,-5422.930822744562,295.82226223487356,1.26e+03
458000,915.9999999921632,-7121.521183215903,-5524.145120062702,305.9238551024107,1.26e+03
458500,916.9999999921396,-7143.292802350101,-5493.322563765789,315.99650691870045,1.26e+03
459000,917.9999999921159,-7089.81916591741,-5335.131121611202,336.05169339812574,1.26e+03
459500,918.9999999920923,-7033.331693232035,-5364.614276817653,319.58690059390307,1.26e+03
460000,919.9999999920686,-7054.747654350885,-5343.539280356907,327.7246196004613,1.26e+03
460500,920.999999992045,-7036.057579522779,-5392.684793714192,314.73298592726786,1.26e+03
461000,921.9999999920213,-7099.1426052144725,-5539.494680189548,298.69829455453635,1.26e+03
461500,922.9999999919977,-7114.557399136592,-5494.347770166362,310.2968594572467,1.26e+03
462000,923.999999991974,-7013.813176539247,-5362.794979917745,316.19720816252016,1.26e+03
462500,924.9999999919504,-6947.96900329271,-5293.126932300272,316.9295431561188,1.26e+03
463000,925.9999999919268,-7074.52641317882,-5459.479250387697,309.308162060448,1.26e+03
463500,926.9999999919031,-6941.617436273693,-5400.465014123393,295.1561007831498,1.26e+03
464000,927.9999999918795,-7048.615728231729,-5506.2174694761725,295.3946990355586,1.26e+03
464500,928.9999999918558,-7023.939100931101,-5453.082507104161,300.84493944898264,1.26e+03
465000,929.9999999918322,-7065.959032295128,-5477.90842305465,304.13787691144626,1.26e+03
465500,930.9999999918085,-7123.178654445822,-5540.252287452085,303.15650002796696,1.26e+03
466000,931.9999999917849,-7132.759259356097,-5530.958754278072,306.77120868529016,1.26e+03
466500,932.9999999917612,-7040.250610795197,-5446.02072617729,305.3213100358107,1.26e+03
467000,933.9999999917376,-6999.583738743308,-5357.129778205961,314.55701573738753,1.26e+03
467500,934.9999999917139,-7001.729934702037,-5429.6744033725145,301.0745557499136,1.26e+03
468000,935.9999999916903,-7034.761714773598,-5436.053331254925,306.1790164209243,1.26e+03
468500,936.9999999916666,-7069.120561447679,-5522.391628940022,296.22409446722565,1.26e+03
469000,937.999999991643,-7090.5240075751935,-5342.088844084581,334.8541636186779,1.26e+03
469500,938.9999999916193,-6971.897251414776,-5334.460441433008,313.59614867859233,1.26e+03
470000,939.9999999915957,-7009.053755681151,-5384.351770104927,311.15721982141037,1.26e+03
470500,940.999999991572,-7166.493834027375,-5477.365980565209,323.49583583464874,1.26e+03
471000,941.9999999915484,-6923.086097074178,-5289.448749040723,312.86848906646054,1.26e+03
471500,942.9999999915248,-7027.150870223291,-5481.565005919138,296.0051780582927,1.26e+03
472000,943.9999999915011,-7014.996376565521,-5504.891817001951,289.20992315202113,1.26e+03
472500,944.9999999914775,-7047.220410922699,-5543.370956997891,288.0119672822518,1.26e+03
473000,945.9999999914538,-7046.618328482889,-5469.5985173487725,302.02529718811354,1.26e+03
473500,946.9999999914302,-7145.055751371432,-5606.3281165973585,294.6917140184737,1.26e+03
474000,947.9999999914065,-7070.134385593366,-5466.659706661083,307.09184058370164,1.26e+03
474500,948.9999999913829,-7109.734391583417,-5464.885251002175,315.0157322097293,1.26e+03
475000,949.9999999913592,-7175.1590779958515,-5392.539002229988,341.40113799172485,1.26e+03
475500,950.9999999913356,-6962.851177001315,-5308.173573500939,316.89804491949724,1.26e+03
476000,951.9999999913119,-6937.148164418199,-5349.292279168578,304.1005840564085,1.26e+03
476500,952.9999999912883,-6932.394500867427,-5408.818201471709,291.7899834643385,1.26e+03
477000,953.9999999912646,-7055.867670440216,-5374.491773316491,322.0112083744374,1.26e+03
477500,954.999999991241,-7185.010163614337,-5575.824360971459,308.1856149445515,1.26e+03
478000,955.9999999912174,-7159.045905330628,-5574.797963526882,303.409603395427,1.26e+03
478500,956.9999999911937,-7170.594034710427,-5564.440556343932,307.604874845867,1.26e+03
479000,957.9999999911701,-7063.180726208016,-5481.694340392281,302.88071988864283,1.26e+03
479500,958.9999999911464,-7080.727239231175,-5399.085131880464,322.06219202242477,1.26e+03
480000,959.9999999911228,-7019.626704582319,-5396.4233971952035,310.8701982366089,1.26e+03
480500,960.9999999910991,-7081.671177570694,-5376.2268974007275,326.62070058947245,1.26e+03
481000,961.9999999910755,-7029.868115862499,-5438.819400893545,304.71206359397934,1.26e+03
481500,962.9999999910518,-7060.629941549707,-5495.507542018264,299.74674669071516,1.26e+03
482000,963.9999999910282,-7101.465605982834,-5610.570290618612,285.5310361481255,1.26e+03
482500,964.9999999910045,-7094.896821065529,-5486.208082350919,308.09041900624015,1.26e+03
483000,965.9999999909809,-7118.433312376546,-5582.554172687263,294.14618024112445,1.26e+03
483500,966.9999999909572,-7137.430788293178,-5492.5589903804885,315.0200714622966,1.26e+03
484000,967.9999999909336,-7035.874694374249,-5385.423220880797,316.08867133884524,1.26e+03
484500,968.9999999909099,-7109.866373557844,-5461.943960803794,315.6043145057658,1.26e+03
485000,969.9999999908863,-7054.339494865569,-5430.1578687833035,311.05756239815025,1.26e+03
485500,970.9999999908626,-7045.763135319377,-5388.808655890461,317.3341042030414,1.26e+03
486000,971.999999990839,-7109.85431121468,-5409.803293866478,325.58780183001676,1.26e+03
486500,972.9999999908154,-7046.9380338059655,-5450.41833786271,305.7598466611342,1.26e+03
487000,973.9999999907917,-7047.8023493012615,-5440.388214797995,307.84631128291903,1.26e+03
487500,974.9999999907681,-7035.488422447306,-5413.214973320482,310.6921150474032,1.26e+03
488000,975.9999999907444,-6912.858502885541,-5371.809426672277,295.13630833214444,1.26e+03
488500,976.9999999907208,-7022.205999010463,-5383.634822744625,313.81339852646835,1.26e+03
489000,977.9999999906971,-7127.567744115559,-5448.29885394526,321.60768180058403,1.26e+03
489500,978.9999999906735,-7111.39594047181,-5468.099366219538,314.718390157587,1.26e+03
490000,979.9999999906498,-7064.800447866343,-5414.809073795948,316.00055471278665,1.26e+03
490500,980.9999999906262,-7031.438690753008,-5289.858950665248,333.5412369984931,1.26e+03
491000,981.9999999906025,-6923.042313647424,-5362.498489047409,298.8698740955838,1.26e+03
491500,982.9999999905789,-7081.5183000728675,-5442.847691108772,313.8324415277227,1.26e+03
492000,983.9999999905552,-7064.362473078947,-5452.319919763083,308.732729803166,1.26e+03
492500,984.9999999905316,-7147.696800974824,-5415.99518218875,331.6494138896532,1.26e+03
493000,985.999999990508,-7034.550695254466,-5360.739462517844,320.56245041114965,1.26e+03
493500,986.9999999904843,-7049.227761960208,-5346.215369676779,326.1549539599918,1.26e+03
494000,987.9999999904607,-7086.774950400129,-5500.682582910435,303.76284132687636,1.26e+03
494500,988.999999990437,-7079.352405783466,-5501.084411524396,302.2643448377357,1.26e+03
495000,989.9999999904134,-7074.133470660239,-5534.2763688748255,294.90802557483823,1.26e+03
495500,990.9999999903897,-7118.589287360579,-5509.913347982643,308.0879677222198,1.26e+03
496000,991.9999999903661,-7140.573202651673,-5550.295510341065,304.56440004157406,1.26e+03
496500,992.9999999903424,-7092.2995810665825,-5493.513408055513,306.19391439138315,1.26e+03
497000,993.9999999903188,-7050.680728385497,-5535.535369962009,290.1753192510321,1.26e+03
497500,994.9999999902951,-7143.437547827666,-5453.817778473883,323.59004583905596,1.26e+03
498000,995.9999999902715,-7135.557818610451,-5503.770735277427,312.5141328674585,1.26e+03
498500,996.9999999902478,-7122.28231963711,-5505.419884622675,309.65581662309353,1.26e+03
499000,997.9999999902242,-7137.662724233068,-5461.290984787604,321.05282966588703,1.26e+03
499500,998.9999999902005,-7069.212896296371,-5404.82091215543,318.75850899182564,1.26e+03
500000,999.9999999901769,-7122.224396324738,-5472.166409216017,316.0133122080033,1.25e+03
